[2024-06-28T18:11:09.989+0000] {processor.py:153} INFO - Started process (PID=14135) to work on /home/jacksonlmakl/data_flow_tool/airflow_venv/lib/python3.8/site-packages/airflow/example_dags/example_task_group_decorator.py
[2024-06-28T18:11:09.990+0000] {processor.py:743} INFO - Processing file /home/jacksonlmakl/data_flow_tool/airflow_venv/lib/python3.8/site-packages/airflow/example_dags/example_task_group_decorator.py for tasks to queue
[2024-06-28T18:11:09.991+0000] {logging_mixin.py:137} INFO - [2024-06-28T18:11:09.990+0000] {dagbag.py:538} INFO - Filling up the DagBag from /home/jacksonlmakl/data_flow_tool/airflow_venv/lib/python3.8/site-packages/airflow/example_dags/example_task_group_decorator.py
[2024-06-28T18:11:10.023+0000] {processor.py:753} INFO - DAG(s) dict_keys(['example_task_group_decorator']) retrieved from /home/jacksonlmakl/data_flow_tool/airflow_venv/lib/python3.8/site-packages/airflow/example_dags/example_task_group_decorator.py
[2024-06-28T18:11:10.150+0000] {logging_mixin.py:137} INFO - [2024-06-28T18:11:10.149+0000] {manager.py:504} INFO - Created Permission View: can edit on DAG:example_task_group_decorator
[2024-06-28T18:11:10.161+0000] {logging_mixin.py:137} INFO - [2024-06-28T18:11:10.161+0000] {manager.py:504} INFO - Created Permission View: can read on DAG:example_task_group_decorator
[2024-06-28T18:11:10.170+0000] {logging_mixin.py:137} INFO - [2024-06-28T18:11:10.170+0000] {manager.py:504} INFO - Created Permission View: can delete on DAG:example_task_group_decorator
[2024-06-28T18:11:10.171+0000] {logging_mixin.py:137} INFO - [2024-06-28T18:11:10.171+0000] {dag.py:2690} INFO - Sync 1 DAGs
[2024-06-28T18:11:10.182+0000] {logging_mixin.py:137} INFO - [2024-06-28T18:11:10.182+0000] {dag.py:2711} INFO - Creating ORM DAG for example_task_group_decorator
[2024-06-28T18:11:10.198+0000] {logging_mixin.py:137} INFO - [2024-06-28T18:11:10.198+0000] {dag.py:3437} INFO - Setting next_dagrun for example_task_group_decorator to 2024-06-27T18:11:10.197715+00:00, run_after=2024-06-28T18:11:10.197715+00:00
[2024-06-28T18:11:10.226+0000] {processor.py:175} INFO - Processing /home/jacksonlmakl/data_flow_tool/airflow_venv/lib/python3.8/site-packages/airflow/example_dags/example_task_group_decorator.py took 0.241 seconds
[2024-06-28T18:12:42.037+0000] {processor.py:153} INFO - Started process (PID=14165) to work on /home/jacksonlmakl/data_flow_tool/airflow_venv/lib/python3.8/site-packages/airflow/example_dags/example_task_group_decorator.py
[2024-06-28T18:12:42.041+0000] {processor.py:743} INFO - Processing file /home/jacksonlmakl/data_flow_tool/airflow_venv/lib/python3.8/site-packages/airflow/example_dags/example_task_group_decorator.py for tasks to queue
[2024-06-28T18:12:42.042+0000] {logging_mixin.py:137} INFO - [2024-06-28T18:12:42.041+0000] {dagbag.py:538} INFO - Filling up the DagBag from /home/jacksonlmakl/data_flow_tool/airflow_venv/lib/python3.8/site-packages/airflow/example_dags/example_task_group_decorator.py
[2024-06-28T18:12:42.066+0000] {processor.py:753} INFO - DAG(s) dict_keys(['example_task_group_decorator']) retrieved from /home/jacksonlmakl/data_flow_tool/airflow_venv/lib/python3.8/site-packages/airflow/example_dags/example_task_group_decorator.py
[2024-06-28T18:12:42.086+0000] {logging_mixin.py:137} INFO - [2024-06-28T18:12:42.086+0000] {dag.py:2690} INFO - Sync 1 DAGs
[2024-06-28T18:12:42.104+0000] {logging_mixin.py:137} INFO - [2024-06-28T18:12:42.104+0000] {dag.py:3437} INFO - Setting next_dagrun for example_task_group_decorator to 2024-06-27T18:12:42.104458+00:00, run_after=2024-06-28T18:12:42.104458+00:00
[2024-06-28T18:12:42.126+0000] {processor.py:175} INFO - Processing /home/jacksonlmakl/data_flow_tool/airflow_venv/lib/python3.8/site-packages/airflow/example_dags/example_task_group_decorator.py took 0.093 seconds
[2024-06-28T18:13:27.904+0000] {processor.py:153} INFO - Started process (PID=14213) to work on /home/jacksonlmakl/data_flow_tool/airflow_venv/lib/python3.8/site-packages/airflow/example_dags/example_task_group_decorator.py
[2024-06-28T18:13:27.906+0000] {processor.py:743} INFO - Processing file /home/jacksonlmakl/data_flow_tool/airflow_venv/lib/python3.8/site-packages/airflow/example_dags/example_task_group_decorator.py for tasks to queue
[2024-06-28T18:13:27.907+0000] {logging_mixin.py:137} INFO - [2024-06-28T18:13:27.907+0000] {dagbag.py:538} INFO - Filling up the DagBag from /home/jacksonlmakl/data_flow_tool/airflow_venv/lib/python3.8/site-packages/airflow/example_dags/example_task_group_decorator.py
[2024-06-28T18:13:27.931+0000] {processor.py:753} INFO - DAG(s) dict_keys(['example_task_group_decorator']) retrieved from /home/jacksonlmakl/data_flow_tool/airflow_venv/lib/python3.8/site-packages/airflow/example_dags/example_task_group_decorator.py
[2024-06-28T18:13:27.952+0000] {logging_mixin.py:137} INFO - [2024-06-28T18:13:27.952+0000] {dag.py:2690} INFO - Sync 1 DAGs
[2024-06-28T18:13:27.972+0000] {logging_mixin.py:137} INFO - [2024-06-28T18:13:27.972+0000] {dag.py:3437} INFO - Setting next_dagrun for example_task_group_decorator to 2024-06-27T18:13:27.971851+00:00, run_after=2024-06-28T18:13:27.971851+00:00
[2024-06-28T18:13:27.993+0000] {processor.py:175} INFO - Processing /home/jacksonlmakl/data_flow_tool/airflow_venv/lib/python3.8/site-packages/airflow/example_dags/example_task_group_decorator.py took 0.093 seconds
