[2024-06-28T18:13:02.204+0000] {processor.py:153} INFO - Started process (PID=14186) to work on /home/jacksonlmakl/data_flow_tool/airflow_venv/lib/python3.8/site-packages/airflow/example_dags/example_external_task_marker_dag.py
[2024-06-28T18:13:02.205+0000] {processor.py:743} INFO - Processing file /home/jacksonlmakl/data_flow_tool/airflow_venv/lib/python3.8/site-packages/airflow/example_dags/example_external_task_marker_dag.py for tasks to queue
[2024-06-28T18:13:02.206+0000] {logging_mixin.py:137} INFO - [2024-06-28T18:13:02.206+0000] {dagbag.py:538} INFO - Filling up the DagBag from /home/jacksonlmakl/data_flow_tool/airflow_venv/lib/python3.8/site-packages/airflow/example_dags/example_external_task_marker_dag.py
[2024-06-28T18:13:02.215+0000] {processor.py:753} INFO - DAG(s) dict_keys(['example_external_task_marker_parent', 'example_external_task_marker_child']) retrieved from /home/jacksonlmakl/data_flow_tool/airflow_venv/lib/python3.8/site-packages/airflow/example_dags/example_external_task_marker_dag.py
[2024-06-28T18:13:02.328+0000] {logging_mixin.py:137} INFO - [2024-06-28T18:13:02.328+0000] {manager.py:504} INFO - Created Permission View: can edit on DAG:example_external_task_marker_parent
[2024-06-28T18:13:02.339+0000] {logging_mixin.py:137} INFO - [2024-06-28T18:13:02.339+0000] {manager.py:504} INFO - Created Permission View: can read on DAG:example_external_task_marker_parent
[2024-06-28T18:13:02.348+0000] {logging_mixin.py:137} INFO - [2024-06-28T18:13:02.347+0000] {manager.py:504} INFO - Created Permission View: can delete on DAG:example_external_task_marker_parent
[2024-06-28T18:13:02.368+0000] {logging_mixin.py:137} INFO - [2024-06-28T18:13:02.368+0000] {manager.py:504} INFO - Created Permission View: can edit on DAG:example_external_task_marker_child
[2024-06-28T18:13:02.377+0000] {logging_mixin.py:137} INFO - [2024-06-28T18:13:02.377+0000] {manager.py:504} INFO - Created Permission View: can read on DAG:example_external_task_marker_child
[2024-06-28T18:13:02.387+0000] {logging_mixin.py:137} INFO - [2024-06-28T18:13:02.386+0000] {manager.py:504} INFO - Created Permission View: can delete on DAG:example_external_task_marker_child
[2024-06-28T18:13:02.387+0000] {logging_mixin.py:137} INFO - [2024-06-28T18:13:02.387+0000] {dag.py:2690} INFO - Sync 2 DAGs
[2024-06-28T18:13:02.397+0000] {logging_mixin.py:137} INFO - [2024-06-28T18:13:02.397+0000] {dag.py:2711} INFO - Creating ORM DAG for example_external_task_marker_child
[2024-06-28T18:13:02.398+0000] {logging_mixin.py:137} INFO - [2024-06-28T18:13:02.397+0000] {dag.py:2711} INFO - Creating ORM DAG for example_external_task_marker_parent
[2024-06-28T18:13:02.404+0000] {logging_mixin.py:137} INFO - [2024-06-28T18:13:02.404+0000] {dag.py:3437} INFO - Setting next_dagrun for example_external_task_marker_child to None, run_after=None
[2024-06-28T18:13:02.405+0000] {logging_mixin.py:137} INFO - [2024-06-28T18:13:02.405+0000] {dag.py:3437} INFO - Setting next_dagrun for example_external_task_marker_parent to None, run_after=None
[2024-06-28T18:13:02.428+0000] {processor.py:175} INFO - Processing /home/jacksonlmakl/data_flow_tool/airflow_venv/lib/python3.8/site-packages/airflow/example_dags/example_external_task_marker_dag.py took 0.228 seconds
[2024-06-28T18:13:43.143+0000] {processor.py:153} INFO - Started process (PID=14229) to work on /home/jacksonlmakl/data_flow_tool/airflow_venv/lib/python3.8/site-packages/airflow/example_dags/example_external_task_marker_dag.py
[2024-06-28T18:13:43.146+0000] {processor.py:743} INFO - Processing file /home/jacksonlmakl/data_flow_tool/airflow_venv/lib/python3.8/site-packages/airflow/example_dags/example_external_task_marker_dag.py for tasks to queue
[2024-06-28T18:13:43.147+0000] {logging_mixin.py:137} INFO - [2024-06-28T18:13:43.147+0000] {dagbag.py:538} INFO - Filling up the DagBag from /home/jacksonlmakl/data_flow_tool/airflow_venv/lib/python3.8/site-packages/airflow/example_dags/example_external_task_marker_dag.py
[2024-06-28T18:13:43.157+0000] {processor.py:753} INFO - DAG(s) dict_keys(['example_external_task_marker_parent', 'example_external_task_marker_child']) retrieved from /home/jacksonlmakl/data_flow_tool/airflow_venv/lib/python3.8/site-packages/airflow/example_dags/example_external_task_marker_dag.py
[2024-06-28T18:13:43.177+0000] {logging_mixin.py:137} INFO - [2024-06-28T18:13:43.177+0000] {dag.py:2690} INFO - Sync 2 DAGs
[2024-06-28T18:13:43.195+0000] {logging_mixin.py:137} INFO - [2024-06-28T18:13:43.195+0000] {dag.py:3437} INFO - Setting next_dagrun for example_external_task_marker_child to None, run_after=None
[2024-06-28T18:13:43.200+0000] {logging_mixin.py:137} INFO - [2024-06-28T18:13:43.200+0000] {dag.py:3437} INFO - Setting next_dagrun for example_external_task_marker_parent to None, run_after=None
[2024-06-28T18:13:43.220+0000] {processor.py:175} INFO - Processing /home/jacksonlmakl/data_flow_tool/airflow_venv/lib/python3.8/site-packages/airflow/example_dags/example_external_task_marker_dag.py took 0.080 seconds
