[2024-06-28T18:12:46.892+0000] {processor.py:153} INFO - Started process (PID=14171) to work on /home/jacksonlmakl/data_flow_tool/airflow_venv/lib/python3.8/site-packages/airflow/example_dags/example_nested_branch_dag.py
[2024-06-28T18:12:46.893+0000] {processor.py:743} INFO - Processing file /home/jacksonlmakl/data_flow_tool/airflow_venv/lib/python3.8/site-packages/airflow/example_dags/example_nested_branch_dag.py for tasks to queue
[2024-06-28T18:12:46.894+0000] {logging_mixin.py:137} INFO - [2024-06-28T18:12:46.894+0000] {dagbag.py:538} INFO - Filling up the DagBag from /home/jacksonlmakl/data_flow_tool/airflow_venv/lib/python3.8/site-packages/airflow/example_dags/example_nested_branch_dag.py
[2024-06-28T18:12:46.916+0000] {processor.py:753} INFO - DAG(s) dict_keys(['example_nested_branch_dag']) retrieved from /home/jacksonlmakl/data_flow_tool/airflow_venv/lib/python3.8/site-packages/airflow/example_dags/example_nested_branch_dag.py
[2024-06-28T18:12:47.022+0000] {logging_mixin.py:137} INFO - [2024-06-28T18:12:47.021+0000] {manager.py:504} INFO - Created Permission View: can edit on DAG:example_nested_branch_dag
[2024-06-28T18:12:47.033+0000] {logging_mixin.py:137} INFO - [2024-06-28T18:12:47.033+0000] {manager.py:504} INFO - Created Permission View: can read on DAG:example_nested_branch_dag
[2024-06-28T18:12:47.043+0000] {logging_mixin.py:137} INFO - [2024-06-28T18:12:47.042+0000] {manager.py:504} INFO - Created Permission View: can delete on DAG:example_nested_branch_dag
[2024-06-28T18:12:47.043+0000] {logging_mixin.py:137} INFO - [2024-06-28T18:12:47.043+0000] {dag.py:2690} INFO - Sync 1 DAGs
[2024-06-28T18:12:47.053+0000] {logging_mixin.py:137} INFO - [2024-06-28T18:12:47.053+0000] {dag.py:2711} INFO - Creating ORM DAG for example_nested_branch_dag
[2024-06-28T18:12:47.062+0000] {logging_mixin.py:137} INFO - [2024-06-28T18:12:47.062+0000] {dag.py:3437} INFO - Setting next_dagrun for example_nested_branch_dag to 2024-06-27T00:00:00+00:00, run_after=2024-06-28T00:00:00+00:00
[2024-06-28T18:12:47.086+0000] {processor.py:175} INFO - Processing /home/jacksonlmakl/data_flow_tool/airflow_venv/lib/python3.8/site-packages/airflow/example_dags/example_nested_branch_dag.py took 0.198 seconds
[2024-06-28T18:13:31.919+0000] {processor.py:153} INFO - Started process (PID=14217) to work on /home/jacksonlmakl/data_flow_tool/airflow_venv/lib/python3.8/site-packages/airflow/example_dags/example_nested_branch_dag.py
[2024-06-28T18:13:31.921+0000] {processor.py:743} INFO - Processing file /home/jacksonlmakl/data_flow_tool/airflow_venv/lib/python3.8/site-packages/airflow/example_dags/example_nested_branch_dag.py for tasks to queue
[2024-06-28T18:13:31.922+0000] {logging_mixin.py:137} INFO - [2024-06-28T18:13:31.922+0000] {dagbag.py:538} INFO - Filling up the DagBag from /home/jacksonlmakl/data_flow_tool/airflow_venv/lib/python3.8/site-packages/airflow/example_dags/example_nested_branch_dag.py
[2024-06-28T18:13:31.943+0000] {processor.py:753} INFO - DAG(s) dict_keys(['example_nested_branch_dag']) retrieved from /home/jacksonlmakl/data_flow_tool/airflow_venv/lib/python3.8/site-packages/airflow/example_dags/example_nested_branch_dag.py
[2024-06-28T18:13:31.962+0000] {logging_mixin.py:137} INFO - [2024-06-28T18:13:31.962+0000] {dag.py:2690} INFO - Sync 1 DAGs
[2024-06-28T18:13:31.984+0000] {logging_mixin.py:137} INFO - [2024-06-28T18:13:31.983+0000] {dag.py:3437} INFO - Setting next_dagrun for example_nested_branch_dag to 2024-06-27T00:00:00+00:00, run_after=2024-06-28T00:00:00+00:00
[2024-06-28T18:13:32.005+0000] {processor.py:175} INFO - Processing /home/jacksonlmakl/data_flow_tool/airflow_venv/lib/python3.8/site-packages/airflow/example_dags/example_nested_branch_dag.py took 0.090 seconds
[2024-06-28T18:14:10.864+0000] {processor.py:153} INFO - Started process (PID=14276) to work on /home/jacksonlmakl/data_flow_tool/airflow_venv/lib/python3.8/site-packages/airflow/example_dags/example_nested_branch_dag.py
[2024-06-28T18:14:10.866+0000] {processor.py:743} INFO - Processing file /home/jacksonlmakl/data_flow_tool/airflow_venv/lib/python3.8/site-packages/airflow/example_dags/example_nested_branch_dag.py for tasks to queue
[2024-06-28T18:14:10.867+0000] {logging_mixin.py:137} INFO - [2024-06-28T18:14:10.867+0000] {dagbag.py:538} INFO - Filling up the DagBag from /home/jacksonlmakl/data_flow_tool/airflow_venv/lib/python3.8/site-packages/airflow/example_dags/example_nested_branch_dag.py
[2024-06-28T18:14:10.896+0000] {processor.py:753} INFO - DAG(s) dict_keys(['example_nested_branch_dag']) retrieved from /home/jacksonlmakl/data_flow_tool/airflow_venv/lib/python3.8/site-packages/airflow/example_dags/example_nested_branch_dag.py
[2024-06-28T18:14:10.916+0000] {logging_mixin.py:137} INFO - [2024-06-28T18:14:10.916+0000] {dag.py:2690} INFO - Sync 1 DAGs
[2024-06-28T18:14:10.936+0000] {logging_mixin.py:137} INFO - [2024-06-28T18:14:10.936+0000] {dag.py:3437} INFO - Setting next_dagrun for example_nested_branch_dag to 2024-06-27T00:00:00+00:00, run_after=2024-06-28T00:00:00+00:00
[2024-06-28T18:14:10.959+0000] {processor.py:175} INFO - Processing /home/jacksonlmakl/data_flow_tool/airflow_venv/lib/python3.8/site-packages/airflow/example_dags/example_nested_branch_dag.py took 0.099 seconds
