[2024-06-28T18:10:59.827+0000] {processor.py:153} INFO - Started process (PID=14125) to work on /home/jacksonlmakl/data_flow_tool/airflow_venv/lib/python3.8/site-packages/airflow/example_dags/example_sensors.py
[2024-06-28T18:10:59.828+0000] {processor.py:743} INFO - Processing file /home/jacksonlmakl/data_flow_tool/airflow_venv/lib/python3.8/site-packages/airflow/example_dags/example_sensors.py for tasks to queue
[2024-06-28T18:10:59.829+0000] {logging_mixin.py:137} INFO - [2024-06-28T18:10:59.828+0000] {dagbag.py:538} INFO - Filling up the DagBag from /home/jacksonlmakl/data_flow_tool/airflow_venv/lib/python3.8/site-packages/airflow/example_dags/example_sensors.py
[2024-06-28T18:10:59.854+0000] {processor.py:753} INFO - DAG(s) dict_keys(['example_sensors']) retrieved from /home/jacksonlmakl/data_flow_tool/airflow_venv/lib/python3.8/site-packages/airflow/example_dags/example_sensors.py
[2024-06-28T18:10:59.968+0000] {logging_mixin.py:137} INFO - [2024-06-28T18:10:59.967+0000] {manager.py:504} INFO - Created Permission View: can edit on DAG:example_sensors
[2024-06-28T18:10:59.982+0000] {logging_mixin.py:137} INFO - [2024-06-28T18:10:59.982+0000] {manager.py:504} INFO - Created Permission View: can read on DAG:example_sensors
[2024-06-28T18:10:59.991+0000] {logging_mixin.py:137} INFO - [2024-06-28T18:10:59.991+0000] {manager.py:504} INFO - Created Permission View: can delete on DAG:example_sensors
[2024-06-28T18:10:59.992+0000] {logging_mixin.py:137} INFO - [2024-06-28T18:10:59.992+0000] {dag.py:2690} INFO - Sync 1 DAGs
[2024-06-28T18:11:00.003+0000] {logging_mixin.py:137} INFO - [2024-06-28T18:11:00.003+0000] {dag.py:2711} INFO - Creating ORM DAG for example_sensors
[2024-06-28T18:11:00.013+0000] {logging_mixin.py:137} INFO - [2024-06-28T18:11:00.013+0000] {dag.py:3437} INFO - Setting next_dagrun for example_sensors to None, run_after=None
[2024-06-28T18:11:00.036+0000] {processor.py:175} INFO - Processing /home/jacksonlmakl/data_flow_tool/airflow_venv/lib/python3.8/site-packages/airflow/example_dags/example_sensors.py took 0.214 seconds
[2024-06-28T18:12:35.330+0000] {processor.py:153} INFO - Started process (PID=14156) to work on /home/jacksonlmakl/data_flow_tool/airflow_venv/lib/python3.8/site-packages/airflow/example_dags/example_sensors.py
[2024-06-28T18:12:35.332+0000] {processor.py:743} INFO - Processing file /home/jacksonlmakl/data_flow_tool/airflow_venv/lib/python3.8/site-packages/airflow/example_dags/example_sensors.py for tasks to queue
[2024-06-28T18:12:35.333+0000] {logging_mixin.py:137} INFO - [2024-06-28T18:12:35.333+0000] {dagbag.py:538} INFO - Filling up the DagBag from /home/jacksonlmakl/data_flow_tool/airflow_venv/lib/python3.8/site-packages/airflow/example_dags/example_sensors.py
[2024-06-28T18:12:35.349+0000] {processor.py:753} INFO - DAG(s) dict_keys(['example_sensors']) retrieved from /home/jacksonlmakl/data_flow_tool/airflow_venv/lib/python3.8/site-packages/airflow/example_dags/example_sensors.py
[2024-06-28T18:12:35.371+0000] {logging_mixin.py:137} INFO - [2024-06-28T18:12:35.370+0000] {dag.py:2690} INFO - Sync 1 DAGs
[2024-06-28T18:12:35.389+0000] {logging_mixin.py:137} INFO - [2024-06-28T18:12:35.389+0000] {dag.py:3437} INFO - Setting next_dagrun for example_sensors to None, run_after=None
[2024-06-28T18:12:35.410+0000] {processor.py:175} INFO - Processing /home/jacksonlmakl/data_flow_tool/airflow_venv/lib/python3.8/site-packages/airflow/example_dags/example_sensors.py took 0.084 seconds
[2024-06-28T18:13:19.326+0000] {processor.py:153} INFO - Started process (PID=14205) to work on /home/jacksonlmakl/data_flow_tool/airflow_venv/lib/python3.8/site-packages/airflow/example_dags/example_sensors.py
[2024-06-28T18:13:19.328+0000] {processor.py:743} INFO - Processing file /home/jacksonlmakl/data_flow_tool/airflow_venv/lib/python3.8/site-packages/airflow/example_dags/example_sensors.py for tasks to queue
[2024-06-28T18:13:19.328+0000] {logging_mixin.py:137} INFO - [2024-06-28T18:13:19.328+0000] {dagbag.py:538} INFO - Filling up the DagBag from /home/jacksonlmakl/data_flow_tool/airflow_venv/lib/python3.8/site-packages/airflow/example_dags/example_sensors.py
[2024-06-28T18:13:19.345+0000] {processor.py:753} INFO - DAG(s) dict_keys(['example_sensors']) retrieved from /home/jacksonlmakl/data_flow_tool/airflow_venv/lib/python3.8/site-packages/airflow/example_dags/example_sensors.py
[2024-06-28T18:13:19.367+0000] {logging_mixin.py:137} INFO - [2024-06-28T18:13:19.367+0000] {dag.py:2690} INFO - Sync 1 DAGs
[2024-06-28T18:13:19.387+0000] {logging_mixin.py:137} INFO - [2024-06-28T18:13:19.387+0000] {dag.py:3437} INFO - Setting next_dagrun for example_sensors to None, run_after=None
[2024-06-28T18:13:19.410+0000] {processor.py:175} INFO - Processing /home/jacksonlmakl/data_flow_tool/airflow_venv/lib/python3.8/site-packages/airflow/example_dags/example_sensors.py took 0.088 seconds
[2024-06-28T18:13:56.542+0000] {processor.py:153} INFO - Started process (PID=14258) to work on /home/jacksonlmakl/data_flow_tool/airflow_venv/lib/python3.8/site-packages/airflow/example_dags/example_sensors.py
[2024-06-28T18:13:56.544+0000] {processor.py:743} INFO - Processing file /home/jacksonlmakl/data_flow_tool/airflow_venv/lib/python3.8/site-packages/airflow/example_dags/example_sensors.py for tasks to queue
[2024-06-28T18:13:56.545+0000] {logging_mixin.py:137} INFO - [2024-06-28T18:13:56.545+0000] {dagbag.py:538} INFO - Filling up the DagBag from /home/jacksonlmakl/data_flow_tool/airflow_venv/lib/python3.8/site-packages/airflow/example_dags/example_sensors.py
[2024-06-28T18:13:56.561+0000] {processor.py:753} INFO - DAG(s) dict_keys(['example_sensors']) retrieved from /home/jacksonlmakl/data_flow_tool/airflow_venv/lib/python3.8/site-packages/airflow/example_dags/example_sensors.py
[2024-06-28T18:13:56.582+0000] {logging_mixin.py:137} INFO - [2024-06-28T18:13:56.582+0000] {dag.py:2690} INFO - Sync 1 DAGs
[2024-06-28T18:13:56.602+0000] {logging_mixin.py:137} INFO - [2024-06-28T18:13:56.601+0000] {dag.py:3437} INFO - Setting next_dagrun for example_sensors to None, run_after=None
[2024-06-28T18:13:56.624+0000] {processor.py:175} INFO - Processing /home/jacksonlmakl/data_flow_tool/airflow_venv/lib/python3.8/site-packages/airflow/example_dags/example_sensors.py took 0.085 seconds
