[2024-06-28T18:11:04.989+0000] {processor.py:153} INFO - Started process (PID=14131) to work on /home/jacksonlmakl/data_flow_tool/airflow_venv/lib/python3.8/site-packages/airflow/example_dags/example_latest_only_with_trigger.py
[2024-06-28T18:11:04.990+0000] {processor.py:743} INFO - Processing file /home/jacksonlmakl/data_flow_tool/airflow_venv/lib/python3.8/site-packages/airflow/example_dags/example_latest_only_with_trigger.py for tasks to queue
[2024-06-28T18:11:04.991+0000] {logging_mixin.py:137} INFO - [2024-06-28T18:11:04.991+0000] {dagbag.py:538} INFO - Filling up the DagBag from /home/jacksonlmakl/data_flow_tool/airflow_venv/lib/python3.8/site-packages/airflow/example_dags/example_latest_only_with_trigger.py
[2024-06-28T18:11:05.008+0000] {processor.py:753} INFO - DAG(s) dict_keys(['latest_only_with_trigger']) retrieved from /home/jacksonlmakl/data_flow_tool/airflow_venv/lib/python3.8/site-packages/airflow/example_dags/example_latest_only_with_trigger.py
[2024-06-28T18:11:05.123+0000] {logging_mixin.py:137} INFO - [2024-06-28T18:11:05.123+0000] {manager.py:504} INFO - Created Permission View: can edit on DAG:latest_only_with_trigger
[2024-06-28T18:11:05.135+0000] {logging_mixin.py:137} INFO - [2024-06-28T18:11:05.134+0000] {manager.py:504} INFO - Created Permission View: can read on DAG:latest_only_with_trigger
[2024-06-28T18:11:05.144+0000] {logging_mixin.py:137} INFO - [2024-06-28T18:11:05.144+0000] {manager.py:504} INFO - Created Permission View: can delete on DAG:latest_only_with_trigger
[2024-06-28T18:11:05.144+0000] {logging_mixin.py:137} INFO - [2024-06-28T18:11:05.144+0000] {dag.py:2690} INFO - Sync 1 DAGs
[2024-06-28T18:11:05.155+0000] {logging_mixin.py:137} INFO - [2024-06-28T18:11:05.155+0000] {dag.py:2711} INFO - Creating ORM DAG for latest_only_with_trigger
[2024-06-28T18:11:05.165+0000] {logging_mixin.py:137} INFO - [2024-06-28T18:11:05.165+0000] {dag.py:3437} INFO - Setting next_dagrun for latest_only_with_trigger to 2024-06-28T14:11:05.165170+00:00, run_after=2024-06-28T18:11:05.165170+00:00
[2024-06-28T18:11:05.186+0000] {processor.py:175} INFO - Processing /home/jacksonlmakl/data_flow_tool/airflow_venv/lib/python3.8/site-packages/airflow/example_dags/example_latest_only_with_trigger.py took 0.200 seconds
[2024-06-28T18:12:39.192+0000] {processor.py:153} INFO - Started process (PID=14160) to work on /home/jacksonlmakl/data_flow_tool/airflow_venv/lib/python3.8/site-packages/airflow/example_dags/example_latest_only_with_trigger.py
[2024-06-28T18:12:39.194+0000] {processor.py:743} INFO - Processing file /home/jacksonlmakl/data_flow_tool/airflow_venv/lib/python3.8/site-packages/airflow/example_dags/example_latest_only_with_trigger.py for tasks to queue
[2024-06-28T18:12:39.195+0000] {logging_mixin.py:137} INFO - [2024-06-28T18:12:39.195+0000] {dagbag.py:538} INFO - Filling up the DagBag from /home/jacksonlmakl/data_flow_tool/airflow_venv/lib/python3.8/site-packages/airflow/example_dags/example_latest_only_with_trigger.py
[2024-06-28T18:12:39.203+0000] {processor.py:753} INFO - DAG(s) dict_keys(['latest_only_with_trigger']) retrieved from /home/jacksonlmakl/data_flow_tool/airflow_venv/lib/python3.8/site-packages/airflow/example_dags/example_latest_only_with_trigger.py
[2024-06-28T18:12:39.223+0000] {logging_mixin.py:137} INFO - [2024-06-28T18:12:39.222+0000] {dag.py:2690} INFO - Sync 1 DAGs
[2024-06-28T18:12:39.241+0000] {logging_mixin.py:137} INFO - [2024-06-28T18:12:39.241+0000] {dag.py:3437} INFO - Setting next_dagrun for latest_only_with_trigger to 2024-06-28T14:12:39.241395+00:00, run_after=2024-06-28T18:12:39.241395+00:00
[2024-06-28T18:12:39.264+0000] {processor.py:175} INFO - Processing /home/jacksonlmakl/data_flow_tool/airflow_venv/lib/python3.8/site-packages/airflow/example_dags/example_latest_only_with_trigger.py took 0.075 seconds
[2024-06-28T18:13:23.325+0000] {processor.py:153} INFO - Started process (PID=14209) to work on /home/jacksonlmakl/data_flow_tool/airflow_venv/lib/python3.8/site-packages/airflow/example_dags/example_latest_only_with_trigger.py
[2024-06-28T18:13:23.327+0000] {processor.py:743} INFO - Processing file /home/jacksonlmakl/data_flow_tool/airflow_venv/lib/python3.8/site-packages/airflow/example_dags/example_latest_only_with_trigger.py for tasks to queue
[2024-06-28T18:13:23.328+0000] {logging_mixin.py:137} INFO - [2024-06-28T18:13:23.327+0000] {dagbag.py:538} INFO - Filling up the DagBag from /home/jacksonlmakl/data_flow_tool/airflow_venv/lib/python3.8/site-packages/airflow/example_dags/example_latest_only_with_trigger.py
[2024-06-28T18:13:23.336+0000] {processor.py:753} INFO - DAG(s) dict_keys(['latest_only_with_trigger']) retrieved from /home/jacksonlmakl/data_flow_tool/airflow_venv/lib/python3.8/site-packages/airflow/example_dags/example_latest_only_with_trigger.py
[2024-06-28T18:13:23.356+0000] {logging_mixin.py:137} INFO - [2024-06-28T18:13:23.355+0000] {dag.py:2690} INFO - Sync 1 DAGs
[2024-06-28T18:13:23.375+0000] {logging_mixin.py:137} INFO - [2024-06-28T18:13:23.375+0000] {dag.py:3437} INFO - Setting next_dagrun for latest_only_with_trigger to 2024-06-28T14:13:23.374847+00:00, run_after=2024-06-28T18:13:23.374847+00:00
[2024-06-28T18:13:23.399+0000] {processor.py:175} INFO - Processing /home/jacksonlmakl/data_flow_tool/airflow_venv/lib/python3.8/site-packages/airflow/example_dags/example_latest_only_with_trigger.py took 0.078 seconds
