[2024-06-28T18:12:43.192+0000] {processor.py:153} INFO - Started process (PID=14168) to work on /home/jacksonlmakl/data_flow_tool/airflow_venv/lib/python3.8/site-packages/airflow/example_dags/example_time_delta_sensor_async.py
[2024-06-28T18:12:43.193+0000] {processor.py:743} INFO - Processing file /home/jacksonlmakl/data_flow_tool/airflow_venv/lib/python3.8/site-packages/airflow/example_dags/example_time_delta_sensor_async.py for tasks to queue
[2024-06-28T18:12:43.194+0000] {logging_mixin.py:137} INFO - [2024-06-28T18:12:43.194+0000] {dagbag.py:538} INFO - Filling up the DagBag from /home/jacksonlmakl/data_flow_tool/airflow_venv/lib/python3.8/site-packages/airflow/example_dags/example_time_delta_sensor_async.py
[2024-06-28T18:12:43.201+0000] {processor.py:753} INFO - DAG(s) dict_keys(['example_time_delta_sensor_async']) retrieved from /home/jacksonlmakl/data_flow_tool/airflow_venv/lib/python3.8/site-packages/airflow/example_dags/example_time_delta_sensor_async.py
[2024-06-28T18:12:43.307+0000] {logging_mixin.py:137} INFO - [2024-06-28T18:12:43.306+0000] {manager.py:504} INFO - Created Permission View: can edit on DAG:example_time_delta_sensor_async
[2024-06-28T18:12:43.317+0000] {logging_mixin.py:137} INFO - [2024-06-28T18:12:43.317+0000] {manager.py:504} INFO - Created Permission View: can read on DAG:example_time_delta_sensor_async
[2024-06-28T18:12:43.327+0000] {logging_mixin.py:137} INFO - [2024-06-28T18:12:43.327+0000] {manager.py:504} INFO - Created Permission View: can delete on DAG:example_time_delta_sensor_async
[2024-06-28T18:12:43.328+0000] {logging_mixin.py:137} INFO - [2024-06-28T18:12:43.328+0000] {dag.py:2690} INFO - Sync 1 DAGs
[2024-06-28T18:12:43.338+0000] {logging_mixin.py:137} INFO - [2024-06-28T18:12:43.338+0000] {dag.py:2711} INFO - Creating ORM DAG for example_time_delta_sensor_async
[2024-06-28T18:12:43.346+0000] {logging_mixin.py:137} INFO - [2024-06-28T18:12:43.346+0000] {dag.py:3437} INFO - Setting next_dagrun for example_time_delta_sensor_async to None, run_after=None
[2024-06-28T18:12:43.368+0000] {processor.py:175} INFO - Processing /home/jacksonlmakl/data_flow_tool/airflow_venv/lib/python3.8/site-packages/airflow/example_dags/example_time_delta_sensor_async.py took 0.179 seconds
[2024-06-28T18:13:28.478+0000] {processor.py:153} INFO - Started process (PID=14214) to work on /home/jacksonlmakl/data_flow_tool/airflow_venv/lib/python3.8/site-packages/airflow/example_dags/example_time_delta_sensor_async.py
[2024-06-28T18:13:28.480+0000] {processor.py:743} INFO - Processing file /home/jacksonlmakl/data_flow_tool/airflow_venv/lib/python3.8/site-packages/airflow/example_dags/example_time_delta_sensor_async.py for tasks to queue
[2024-06-28T18:13:28.481+0000] {logging_mixin.py:137} INFO - [2024-06-28T18:13:28.481+0000] {dagbag.py:538} INFO - Filling up the DagBag from /home/jacksonlmakl/data_flow_tool/airflow_venv/lib/python3.8/site-packages/airflow/example_dags/example_time_delta_sensor_async.py
[2024-06-28T18:13:28.488+0000] {processor.py:753} INFO - DAG(s) dict_keys(['example_time_delta_sensor_async']) retrieved from /home/jacksonlmakl/data_flow_tool/airflow_venv/lib/python3.8/site-packages/airflow/example_dags/example_time_delta_sensor_async.py
[2024-06-28T18:13:28.507+0000] {logging_mixin.py:137} INFO - [2024-06-28T18:13:28.506+0000] {dag.py:2690} INFO - Sync 1 DAGs
[2024-06-28T18:13:28.525+0000] {logging_mixin.py:137} INFO - [2024-06-28T18:13:28.525+0000] {dag.py:3437} INFO - Setting next_dagrun for example_time_delta_sensor_async to None, run_after=None
[2024-06-28T18:13:28.549+0000] {processor.py:175} INFO - Processing /home/jacksonlmakl/data_flow_tool/airflow_venv/lib/python3.8/site-packages/airflow/example_dags/example_time_delta_sensor_async.py took 0.074 seconds
[2024-06-28T18:14:07.524+0000] {processor.py:153} INFO - Started process (PID=14273) to work on /home/jacksonlmakl/data_flow_tool/airflow_venv/lib/python3.8/site-packages/airflow/example_dags/example_time_delta_sensor_async.py
[2024-06-28T18:14:07.526+0000] {processor.py:743} INFO - Processing file /home/jacksonlmakl/data_flow_tool/airflow_venv/lib/python3.8/site-packages/airflow/example_dags/example_time_delta_sensor_async.py for tasks to queue
[2024-06-28T18:14:07.527+0000] {logging_mixin.py:137} INFO - [2024-06-28T18:14:07.527+0000] {dagbag.py:538} INFO - Filling up the DagBag from /home/jacksonlmakl/data_flow_tool/airflow_venv/lib/python3.8/site-packages/airflow/example_dags/example_time_delta_sensor_async.py
[2024-06-28T18:14:07.534+0000] {processor.py:753} INFO - DAG(s) dict_keys(['example_time_delta_sensor_async']) retrieved from /home/jacksonlmakl/data_flow_tool/airflow_venv/lib/python3.8/site-packages/airflow/example_dags/example_time_delta_sensor_async.py
[2024-06-28T18:14:07.553+0000] {logging_mixin.py:137} INFO - [2024-06-28T18:14:07.553+0000] {dag.py:2690} INFO - Sync 1 DAGs
[2024-06-28T18:14:07.573+0000] {logging_mixin.py:137} INFO - [2024-06-28T18:14:07.572+0000] {dag.py:3437} INFO - Setting next_dagrun for example_time_delta_sensor_async to None, run_after=None
[2024-06-28T18:14:07.594+0000] {processor.py:175} INFO - Processing /home/jacksonlmakl/data_flow_tool/airflow_venv/lib/python3.8/site-packages/airflow/example_dags/example_time_delta_sensor_async.py took 0.073 seconds
