[2024-06-28T18:12:44.434+0000] {processor.py:153} INFO - Started process (PID=14169) to work on /home/jacksonlmakl/data_flow_tool/airflow_venv/lib/python3.8/site-packages/airflow/example_dags/example_short_circuit_decorator.py
[2024-06-28T18:12:44.435+0000] {processor.py:743} INFO - Processing file /home/jacksonlmakl/data_flow_tool/airflow_venv/lib/python3.8/site-packages/airflow/example_dags/example_short_circuit_decorator.py for tasks to queue
[2024-06-28T18:12:44.436+0000] {logging_mixin.py:137} INFO - [2024-06-28T18:12:44.436+0000] {dagbag.py:538} INFO - Filling up the DagBag from /home/jacksonlmakl/data_flow_tool/airflow_venv/lib/python3.8/site-packages/airflow/example_dags/example_short_circuit_decorator.py
[2024-06-28T18:12:44.456+0000] {processor.py:753} INFO - DAG(s) dict_keys(['example_short_circuit_decorator']) retrieved from /home/jacksonlmakl/data_flow_tool/airflow_venv/lib/python3.8/site-packages/airflow/example_dags/example_short_circuit_decorator.py
[2024-06-28T18:12:44.566+0000] {logging_mixin.py:137} INFO - [2024-06-28T18:12:44.566+0000] {manager.py:504} INFO - Created Permission View: can edit on DAG:example_short_circuit_decorator
[2024-06-28T18:12:44.578+0000] {logging_mixin.py:137} INFO - [2024-06-28T18:12:44.578+0000] {manager.py:504} INFO - Created Permission View: can read on DAG:example_short_circuit_decorator
[2024-06-28T18:12:44.588+0000] {logging_mixin.py:137} INFO - [2024-06-28T18:12:44.588+0000] {manager.py:504} INFO - Created Permission View: can delete on DAG:example_short_circuit_decorator
[2024-06-28T18:12:44.588+0000] {logging_mixin.py:137} INFO - [2024-06-28T18:12:44.588+0000] {dag.py:2690} INFO - Sync 1 DAGs
[2024-06-28T18:12:44.599+0000] {logging_mixin.py:137} INFO - [2024-06-28T18:12:44.599+0000] {dag.py:2711} INFO - Creating ORM DAG for example_short_circuit_decorator
[2024-06-28T18:12:44.607+0000] {logging_mixin.py:137} INFO - [2024-06-28T18:12:44.607+0000] {dag.py:3437} INFO - Setting next_dagrun for example_short_circuit_decorator to 2024-06-27T18:12:44.607481+00:00, run_after=2024-06-28T18:12:44.607481+00:00
[2024-06-28T18:12:44.632+0000] {processor.py:175} INFO - Processing /home/jacksonlmakl/data_flow_tool/airflow_venv/lib/python3.8/site-packages/airflow/example_dags/example_short_circuit_decorator.py took 0.202 seconds
[2024-06-28T18:13:29.633+0000] {processor.py:153} INFO - Started process (PID=14215) to work on /home/jacksonlmakl/data_flow_tool/airflow_venv/lib/python3.8/site-packages/airflow/example_dags/example_short_circuit_decorator.py
[2024-06-28T18:13:29.635+0000] {processor.py:743} INFO - Processing file /home/jacksonlmakl/data_flow_tool/airflow_venv/lib/python3.8/site-packages/airflow/example_dags/example_short_circuit_decorator.py for tasks to queue
[2024-06-28T18:13:29.635+0000] {logging_mixin.py:137} INFO - [2024-06-28T18:13:29.635+0000] {dagbag.py:538} INFO - Filling up the DagBag from /home/jacksonlmakl/data_flow_tool/airflow_venv/lib/python3.8/site-packages/airflow/example_dags/example_short_circuit_decorator.py
[2024-06-28T18:13:29.657+0000] {processor.py:753} INFO - DAG(s) dict_keys(['example_short_circuit_decorator']) retrieved from /home/jacksonlmakl/data_flow_tool/airflow_venv/lib/python3.8/site-packages/airflow/example_dags/example_short_circuit_decorator.py
[2024-06-28T18:13:29.677+0000] {logging_mixin.py:137} INFO - [2024-06-28T18:13:29.676+0000] {dag.py:2690} INFO - Sync 1 DAGs
[2024-06-28T18:13:29.697+0000] {logging_mixin.py:137} INFO - [2024-06-28T18:13:29.697+0000] {dag.py:3437} INFO - Setting next_dagrun for example_short_circuit_decorator to 2024-06-27T18:13:29.697460+00:00, run_after=2024-06-28T18:13:29.697460+00:00
[2024-06-28T18:13:29.720+0000] {processor.py:175} INFO - Processing /home/jacksonlmakl/data_flow_tool/airflow_venv/lib/python3.8/site-packages/airflow/example_dags/example_short_circuit_decorator.py took 0.091 seconds
[2024-06-28T18:14:08.674+0000] {processor.py:153} INFO - Started process (PID=14274) to work on /home/jacksonlmakl/data_flow_tool/airflow_venv/lib/python3.8/site-packages/airflow/example_dags/example_short_circuit_decorator.py
[2024-06-28T18:14:08.676+0000] {processor.py:743} INFO - Processing file /home/jacksonlmakl/data_flow_tool/airflow_venv/lib/python3.8/site-packages/airflow/example_dags/example_short_circuit_decorator.py for tasks to queue
[2024-06-28T18:14:08.677+0000] {logging_mixin.py:137} INFO - [2024-06-28T18:14:08.677+0000] {dagbag.py:538} INFO - Filling up the DagBag from /home/jacksonlmakl/data_flow_tool/airflow_venv/lib/python3.8/site-packages/airflow/example_dags/example_short_circuit_decorator.py
[2024-06-28T18:14:08.699+0000] {processor.py:753} INFO - DAG(s) dict_keys(['example_short_circuit_decorator']) retrieved from /home/jacksonlmakl/data_flow_tool/airflow_venv/lib/python3.8/site-packages/airflow/example_dags/example_short_circuit_decorator.py
[2024-06-28T18:14:08.720+0000] {logging_mixin.py:137} INFO - [2024-06-28T18:14:08.720+0000] {dag.py:2690} INFO - Sync 1 DAGs
[2024-06-28T18:14:08.741+0000] {logging_mixin.py:137} INFO - [2024-06-28T18:14:08.741+0000] {dag.py:3437} INFO - Setting next_dagrun for example_short_circuit_decorator to 2024-06-27T18:14:08.740879+00:00, run_after=2024-06-28T18:14:08.740879+00:00
[2024-06-28T18:14:08.762+0000] {processor.py:175} INFO - Processing /home/jacksonlmakl/data_flow_tool/airflow_venv/lib/python3.8/site-packages/airflow/example_dags/example_short_circuit_decorator.py took 0.092 seconds
