[2024-06-28T18:12:50.831+0000] {processor.py:153} INFO - Started process (PID=14174) to work on /home/jacksonlmakl/data_flow_tool/airflow_venv/lib/python3.8/site-packages/airflow/example_dags/example_python_operator.py
[2024-06-28T18:12:50.832+0000] {processor.py:743} INFO - Processing file /home/jacksonlmakl/data_flow_tool/airflow_venv/lib/python3.8/site-packages/airflow/example_dags/example_python_operator.py for tasks to queue
[2024-06-28T18:12:50.833+0000] {logging_mixin.py:137} INFO - [2024-06-28T18:12:50.833+0000] {dagbag.py:538} INFO - Filling up the DagBag from /home/jacksonlmakl/data_flow_tool/airflow_venv/lib/python3.8/site-packages/airflow/example_dags/example_python_operator.py
[2024-06-28T18:12:50.852+0000] {logging_mixin.py:137} INFO - [2024-06-28T18:12:50.852+0000] {taskmixin.py:205} WARNING - Dependency <Task(_PythonDecoratedOperator): print_the_context>, log_sql_query already registered for DAG: example_python_operator
[2024-06-28T18:12:50.852+0000] {logging_mixin.py:137} INFO - [2024-06-28T18:12:50.852+0000] {taskmixin.py:205} WARNING - Dependency <Task(_PythonDecoratedOperator): log_sql_query>, print_the_context already registered for DAG: example_python_operator
[2024-06-28T18:12:50.853+0000] {logging_mixin.py:137} INFO - [2024-06-28T18:12:50.853+0000] {taskmixin.py:205} WARNING - Dependency <Task(_PythonDecoratedOperator): print_the_context>, log_sql_query already registered for DAG: example_python_operator
[2024-06-28T18:12:50.853+0000] {logging_mixin.py:137} INFO - [2024-06-28T18:12:50.853+0000] {taskmixin.py:205} WARNING - Dependency <Task(_PythonDecoratedOperator): log_sql_query>, print_the_context already registered for DAG: example_python_operator
[2024-06-28T18:12:50.854+0000] {logging_mixin.py:137} INFO - [2024-06-28T18:12:50.854+0000] {taskmixin.py:205} WARNING - Dependency <Task(_PythonDecoratedOperator): print_the_context>, log_sql_query already registered for DAG: example_python_operator
[2024-06-28T18:12:50.854+0000] {logging_mixin.py:137} INFO - [2024-06-28T18:12:50.854+0000] {taskmixin.py:205} WARNING - Dependency <Task(_PythonDecoratedOperator): log_sql_query>, print_the_context already registered for DAG: example_python_operator
[2024-06-28T18:12:50.855+0000] {logging_mixin.py:137} INFO - [2024-06-28T18:12:50.855+0000] {taskmixin.py:205} WARNING - Dependency <Task(_PythonDecoratedOperator): print_the_context>, log_sql_query already registered for DAG: example_python_operator
[2024-06-28T18:12:50.855+0000] {logging_mixin.py:137} INFO - [2024-06-28T18:12:50.855+0000] {taskmixin.py:205} WARNING - Dependency <Task(_PythonDecoratedOperator): log_sql_query>, print_the_context already registered for DAG: example_python_operator
[2024-06-28T18:12:50.855+0000] {logging_mixin.py:137} INFO - [2024-06-28T18:12:50.855+0000] {example_python_operator.py:90} WARNING - The virtalenv_python example task requires virtualenv, please install it.
[2024-06-28T18:12:50.856+0000] {processor.py:753} INFO - DAG(s) dict_keys(['example_python_operator']) retrieved from /home/jacksonlmakl/data_flow_tool/airflow_venv/lib/python3.8/site-packages/airflow/example_dags/example_python_operator.py
[2024-06-28T18:12:50.962+0000] {logging_mixin.py:137} INFO - [2024-06-28T18:12:50.962+0000] {manager.py:504} INFO - Created Permission View: can edit on DAG:example_python_operator
[2024-06-28T18:12:50.973+0000] {logging_mixin.py:137} INFO - [2024-06-28T18:12:50.973+0000] {manager.py:504} INFO - Created Permission View: can read on DAG:example_python_operator
[2024-06-28T18:12:50.983+0000] {logging_mixin.py:137} INFO - [2024-06-28T18:12:50.982+0000] {manager.py:504} INFO - Created Permission View: can delete on DAG:example_python_operator
[2024-06-28T18:12:50.983+0000] {logging_mixin.py:137} INFO - [2024-06-28T18:12:50.983+0000] {dag.py:2690} INFO - Sync 1 DAGs
[2024-06-28T18:12:50.993+0000] {logging_mixin.py:137} INFO - [2024-06-28T18:12:50.993+0000] {dag.py:2711} INFO - Creating ORM DAG for example_python_operator
[2024-06-28T18:12:51.000+0000] {logging_mixin.py:137} INFO - [2024-06-28T18:12:51.000+0000] {dag.py:3437} INFO - Setting next_dagrun for example_python_operator to None, run_after=None
[2024-06-28T18:12:51.024+0000] {processor.py:175} INFO - Processing /home/jacksonlmakl/data_flow_tool/airflow_venv/lib/python3.8/site-packages/airflow/example_dags/example_python_operator.py took 0.197 seconds
[2024-06-28T18:13:33.632+0000] {processor.py:153} INFO - Started process (PID=14220) to work on /home/jacksonlmakl/data_flow_tool/airflow_venv/lib/python3.8/site-packages/airflow/example_dags/example_python_operator.py
[2024-06-28T18:13:33.634+0000] {processor.py:743} INFO - Processing file /home/jacksonlmakl/data_flow_tool/airflow_venv/lib/python3.8/site-packages/airflow/example_dags/example_python_operator.py for tasks to queue
[2024-06-28T18:13:33.635+0000] {logging_mixin.py:137} INFO - [2024-06-28T18:13:33.635+0000] {dagbag.py:538} INFO - Filling up the DagBag from /home/jacksonlmakl/data_flow_tool/airflow_venv/lib/python3.8/site-packages/airflow/example_dags/example_python_operator.py
[2024-06-28T18:13:33.655+0000] {logging_mixin.py:137} INFO - [2024-06-28T18:13:33.654+0000] {taskmixin.py:205} WARNING - Dependency <Task(_PythonDecoratedOperator): print_the_context>, log_sql_query already registered for DAG: example_python_operator
[2024-06-28T18:13:33.655+0000] {logging_mixin.py:137} INFO - [2024-06-28T18:13:33.655+0000] {taskmixin.py:205} WARNING - Dependency <Task(_PythonDecoratedOperator): log_sql_query>, print_the_context already registered for DAG: example_python_operator
[2024-06-28T18:13:33.656+0000] {logging_mixin.py:137} INFO - [2024-06-28T18:13:33.655+0000] {taskmixin.py:205} WARNING - Dependency <Task(_PythonDecoratedOperator): print_the_context>, log_sql_query already registered for DAG: example_python_operator
[2024-06-28T18:13:33.656+0000] {logging_mixin.py:137} INFO - [2024-06-28T18:13:33.656+0000] {taskmixin.py:205} WARNING - Dependency <Task(_PythonDecoratedOperator): log_sql_query>, print_the_context already registered for DAG: example_python_operator
[2024-06-28T18:13:33.656+0000] {logging_mixin.py:137} INFO - [2024-06-28T18:13:33.656+0000] {taskmixin.py:205} WARNING - Dependency <Task(_PythonDecoratedOperator): print_the_context>, log_sql_query already registered for DAG: example_python_operator
[2024-06-28T18:13:33.657+0000] {logging_mixin.py:137} INFO - [2024-06-28T18:13:33.656+0000] {taskmixin.py:205} WARNING - Dependency <Task(_PythonDecoratedOperator): log_sql_query>, print_the_context already registered for DAG: example_python_operator
[2024-06-28T18:13:33.657+0000] {logging_mixin.py:137} INFO - [2024-06-28T18:13:33.657+0000] {taskmixin.py:205} WARNING - Dependency <Task(_PythonDecoratedOperator): print_the_context>, log_sql_query already registered for DAG: example_python_operator
[2024-06-28T18:13:33.657+0000] {logging_mixin.py:137} INFO - [2024-06-28T18:13:33.657+0000] {taskmixin.py:205} WARNING - Dependency <Task(_PythonDecoratedOperator): log_sql_query>, print_the_context already registered for DAG: example_python_operator
[2024-06-28T18:13:33.658+0000] {logging_mixin.py:137} INFO - [2024-06-28T18:13:33.658+0000] {example_python_operator.py:90} WARNING - The virtalenv_python example task requires virtualenv, please install it.
[2024-06-28T18:13:33.658+0000] {processor.py:753} INFO - DAG(s) dict_keys(['example_python_operator']) retrieved from /home/jacksonlmakl/data_flow_tool/airflow_venv/lib/python3.8/site-packages/airflow/example_dags/example_python_operator.py
[2024-06-28T18:13:33.677+0000] {logging_mixin.py:137} INFO - [2024-06-28T18:13:33.677+0000] {dag.py:2690} INFO - Sync 1 DAGs
[2024-06-28T18:13:33.697+0000] {logging_mixin.py:137} INFO - [2024-06-28T18:13:33.697+0000] {dag.py:3437} INFO - Setting next_dagrun for example_python_operator to None, run_after=None
[2024-06-28T18:13:33.719+0000] {processor.py:175} INFO - Processing /home/jacksonlmakl/data_flow_tool/airflow_venv/lib/python3.8/site-packages/airflow/example_dags/example_python_operator.py took 0.091 seconds
