[2024-06-28T18:11:06.351+0000] {processor.py:153} INFO - Started process (PID=14132) to work on /home/jacksonlmakl/data_flow_tool/airflow_venv/lib/python3.8/site-packages/airflow/example_dags/example_short_circuit_operator.py
[2024-06-28T18:11:06.352+0000] {processor.py:743} INFO - Processing file /home/jacksonlmakl/data_flow_tool/airflow_venv/lib/python3.8/site-packages/airflow/example_dags/example_short_circuit_operator.py for tasks to queue
[2024-06-28T18:11:06.353+0000] {logging_mixin.py:137} INFO - [2024-06-28T18:11:06.353+0000] {dagbag.py:538} INFO - Filling up the DagBag from /home/jacksonlmakl/data_flow_tool/airflow_venv/lib/python3.8/site-packages/airflow/example_dags/example_short_circuit_operator.py
[2024-06-28T18:11:06.372+0000] {processor.py:753} INFO - DAG(s) dict_keys(['example_short_circuit_operator']) retrieved from /home/jacksonlmakl/data_flow_tool/airflow_venv/lib/python3.8/site-packages/airflow/example_dags/example_short_circuit_operator.py
[2024-06-28T18:11:06.481+0000] {logging_mixin.py:137} INFO - [2024-06-28T18:11:06.481+0000] {manager.py:504} INFO - Created Permission View: can edit on DAG:example_short_circuit_operator
[2024-06-28T18:11:06.492+0000] {logging_mixin.py:137} INFO - [2024-06-28T18:11:06.492+0000] {manager.py:504} INFO - Created Permission View: can read on DAG:example_short_circuit_operator
[2024-06-28T18:11:06.502+0000] {logging_mixin.py:137} INFO - [2024-06-28T18:11:06.502+0000] {manager.py:504} INFO - Created Permission View: can delete on DAG:example_short_circuit_operator
[2024-06-28T18:11:06.502+0000] {logging_mixin.py:137} INFO - [2024-06-28T18:11:06.502+0000] {dag.py:2690} INFO - Sync 1 DAGs
[2024-06-28T18:11:06.514+0000] {logging_mixin.py:137} INFO - [2024-06-28T18:11:06.514+0000] {dag.py:2711} INFO - Creating ORM DAG for example_short_circuit_operator
[2024-06-28T18:11:06.524+0000] {logging_mixin.py:137} INFO - [2024-06-28T18:11:06.523+0000] {dag.py:3437} INFO - Setting next_dagrun for example_short_circuit_operator to 2024-06-27T18:11:06.523691+00:00, run_after=2024-06-28T18:11:06.523691+00:00
[2024-06-28T18:11:06.548+0000] {processor.py:175} INFO - Processing /home/jacksonlmakl/data_flow_tool/airflow_venv/lib/python3.8/site-packages/airflow/example_dags/example_short_circuit_operator.py took 0.200 seconds
[2024-06-28T18:12:40.335+0000] {processor.py:153} INFO - Started process (PID=14162) to work on /home/jacksonlmakl/data_flow_tool/airflow_venv/lib/python3.8/site-packages/airflow/example_dags/example_short_circuit_operator.py
[2024-06-28T18:12:40.337+0000] {processor.py:743} INFO - Processing file /home/jacksonlmakl/data_flow_tool/airflow_venv/lib/python3.8/site-packages/airflow/example_dags/example_short_circuit_operator.py for tasks to queue
[2024-06-28T18:12:40.338+0000] {logging_mixin.py:137} INFO - [2024-06-28T18:12:40.338+0000] {dagbag.py:538} INFO - Filling up the DagBag from /home/jacksonlmakl/data_flow_tool/airflow_venv/lib/python3.8/site-packages/airflow/example_dags/example_short_circuit_operator.py
[2024-06-28T18:12:40.348+0000] {processor.py:753} INFO - DAG(s) dict_keys(['example_short_circuit_operator']) retrieved from /home/jacksonlmakl/data_flow_tool/airflow_venv/lib/python3.8/site-packages/airflow/example_dags/example_short_circuit_operator.py
[2024-06-28T18:12:40.368+0000] {logging_mixin.py:137} INFO - [2024-06-28T18:12:40.368+0000] {dag.py:2690} INFO - Sync 1 DAGs
[2024-06-28T18:12:40.387+0000] {logging_mixin.py:137} INFO - [2024-06-28T18:12:40.387+0000] {dag.py:3437} INFO - Setting next_dagrun for example_short_circuit_operator to 2024-06-27T18:12:40.386726+00:00, run_after=2024-06-28T18:12:40.386726+00:00
[2024-06-28T18:12:40.408+0000] {processor.py:175} INFO - Processing /home/jacksonlmakl/data_flow_tool/airflow_venv/lib/python3.8/site-packages/airflow/example_dags/example_short_circuit_operator.py took 0.077 seconds
[2024-06-28T18:13:24.478+0000] {processor.py:153} INFO - Started process (PID=14210) to work on /home/jacksonlmakl/data_flow_tool/airflow_venv/lib/python3.8/site-packages/airflow/example_dags/example_short_circuit_operator.py
[2024-06-28T18:13:24.480+0000] {processor.py:743} INFO - Processing file /home/jacksonlmakl/data_flow_tool/airflow_venv/lib/python3.8/site-packages/airflow/example_dags/example_short_circuit_operator.py for tasks to queue
[2024-06-28T18:13:24.481+0000] {logging_mixin.py:137} INFO - [2024-06-28T18:13:24.481+0000] {dagbag.py:538} INFO - Filling up the DagBag from /home/jacksonlmakl/data_flow_tool/airflow_venv/lib/python3.8/site-packages/airflow/example_dags/example_short_circuit_operator.py
[2024-06-28T18:13:24.491+0000] {processor.py:753} INFO - DAG(s) dict_keys(['example_short_circuit_operator']) retrieved from /home/jacksonlmakl/data_flow_tool/airflow_venv/lib/python3.8/site-packages/airflow/example_dags/example_short_circuit_operator.py
[2024-06-28T18:13:24.511+0000] {logging_mixin.py:137} INFO - [2024-06-28T18:13:24.511+0000] {dag.py:2690} INFO - Sync 1 DAGs
[2024-06-28T18:13:24.530+0000] {logging_mixin.py:137} INFO - [2024-06-28T18:13:24.529+0000] {dag.py:3437} INFO - Setting next_dagrun for example_short_circuit_operator to 2024-06-27T18:13:24.529541+00:00, run_after=2024-06-28T18:13:24.529541+00:00
[2024-06-28T18:13:24.553+0000] {processor.py:175} INFO - Processing /home/jacksonlmakl/data_flow_tool/airflow_venv/lib/python3.8/site-packages/airflow/example_dags/example_short_circuit_operator.py took 0.078 seconds
