[2024-06-28T18:13:06.146+0000] {processor.py:153} INFO - Started process (PID=14189) to work on /home/jacksonlmakl/data_flow_tool/airflow_venv/lib/python3.8/site-packages/airflow/example_dags/example_branch_datetime_operator.py
[2024-06-28T18:13:06.147+0000] {processor.py:743} INFO - Processing file /home/jacksonlmakl/data_flow_tool/airflow_venv/lib/python3.8/site-packages/airflow/example_dags/example_branch_datetime_operator.py for tasks to queue
[2024-06-28T18:13:06.148+0000] {logging_mixin.py:137} INFO - [2024-06-28T18:13:06.148+0000] {dagbag.py:538} INFO - Filling up the DagBag from /home/jacksonlmakl/data_flow_tool/airflow_venv/lib/python3.8/site-packages/airflow/example_dags/example_branch_datetime_operator.py
[2024-06-28T18:13:06.160+0000] {processor.py:753} INFO - DAG(s) dict_keys(['example_branch_datetime_operator_2', 'example_branch_datetime_operator_3', 'example_branch_datetime_operator']) retrieved from /home/jacksonlmakl/data_flow_tool/airflow_venv/lib/python3.8/site-packages/airflow/example_dags/example_branch_datetime_operator.py
[2024-06-28T18:13:06.265+0000] {logging_mixin.py:137} INFO - [2024-06-28T18:13:06.265+0000] {manager.py:504} INFO - Created Permission View: can edit on DAG:example_branch_datetime_operator_2
[2024-06-28T18:13:06.276+0000] {logging_mixin.py:137} INFO - [2024-06-28T18:13:06.276+0000] {manager.py:504} INFO - Created Permission View: can read on DAG:example_branch_datetime_operator_2
[2024-06-28T18:13:06.285+0000] {logging_mixin.py:137} INFO - [2024-06-28T18:13:06.285+0000] {manager.py:504} INFO - Created Permission View: can delete on DAG:example_branch_datetime_operator_2
[2024-06-28T18:13:06.305+0000] {logging_mixin.py:137} INFO - [2024-06-28T18:13:06.305+0000] {manager.py:504} INFO - Created Permission View: can edit on DAG:example_branch_datetime_operator_3
[2024-06-28T18:13:06.314+0000] {logging_mixin.py:137} INFO - [2024-06-28T18:13:06.314+0000] {manager.py:504} INFO - Created Permission View: can read on DAG:example_branch_datetime_operator_3
[2024-06-28T18:13:06.323+0000] {logging_mixin.py:137} INFO - [2024-06-28T18:13:06.323+0000] {manager.py:504} INFO - Created Permission View: can delete on DAG:example_branch_datetime_operator_3
[2024-06-28T18:13:06.343+0000] {logging_mixin.py:137} INFO - [2024-06-28T18:13:06.343+0000] {manager.py:504} INFO - Created Permission View: can edit on DAG:example_branch_datetime_operator
[2024-06-28T18:13:06.353+0000] {logging_mixin.py:137} INFO - [2024-06-28T18:13:06.352+0000] {manager.py:504} INFO - Created Permission View: can read on DAG:example_branch_datetime_operator
[2024-06-28T18:13:06.362+0000] {logging_mixin.py:137} INFO - [2024-06-28T18:13:06.362+0000] {manager.py:504} INFO - Created Permission View: can delete on DAG:example_branch_datetime_operator
[2024-06-28T18:13:06.363+0000] {logging_mixin.py:137} INFO - [2024-06-28T18:13:06.362+0000] {dag.py:2690} INFO - Sync 3 DAGs
[2024-06-28T18:13:06.373+0000] {logging_mixin.py:137} INFO - [2024-06-28T18:13:06.373+0000] {dag.py:2711} INFO - Creating ORM DAG for example_branch_datetime_operator_3
[2024-06-28T18:13:06.374+0000] {logging_mixin.py:137} INFO - [2024-06-28T18:13:06.374+0000] {dag.py:2711} INFO - Creating ORM DAG for example_branch_datetime_operator
[2024-06-28T18:13:06.374+0000] {logging_mixin.py:137} INFO - [2024-06-28T18:13:06.374+0000] {dag.py:2711} INFO - Creating ORM DAG for example_branch_datetime_operator_2
[2024-06-28T18:13:06.383+0000] {logging_mixin.py:137} INFO - [2024-06-28T18:13:06.383+0000] {dag.py:3437} INFO - Setting next_dagrun for example_branch_datetime_operator to 2024-06-27T00:00:00+00:00, run_after=2024-06-28T00:00:00+00:00
[2024-06-28T18:13:06.385+0000] {logging_mixin.py:137} INFO - [2024-06-28T18:13:06.385+0000] {dag.py:3437} INFO - Setting next_dagrun for example_branch_datetime_operator_2 to 2024-06-27T00:00:00+00:00, run_after=2024-06-28T00:00:00+00:00
[2024-06-28T18:13:06.387+0000] {logging_mixin.py:137} INFO - [2024-06-28T18:13:06.387+0000] {dag.py:3437} INFO - Setting next_dagrun for example_branch_datetime_operator_3 to 2024-06-27T00:00:00+00:00, run_after=2024-06-28T00:00:00+00:00
[2024-06-28T18:13:06.410+0000] {processor.py:175} INFO - Processing /home/jacksonlmakl/data_flow_tool/airflow_venv/lib/python3.8/site-packages/airflow/example_dags/example_branch_datetime_operator.py took 0.268 seconds
[2024-06-28T18:13:46.337+0000] {processor.py:153} INFO - Started process (PID=14233) to work on /home/jacksonlmakl/data_flow_tool/airflow_venv/lib/python3.8/site-packages/airflow/example_dags/example_branch_datetime_operator.py
[2024-06-28T18:13:46.340+0000] {processor.py:743} INFO - Processing file /home/jacksonlmakl/data_flow_tool/airflow_venv/lib/python3.8/site-packages/airflow/example_dags/example_branch_datetime_operator.py for tasks to queue
[2024-06-28T18:13:46.341+0000] {logging_mixin.py:137} INFO - [2024-06-28T18:13:46.341+0000] {dagbag.py:538} INFO - Filling up the DagBag from /home/jacksonlmakl/data_flow_tool/airflow_venv/lib/python3.8/site-packages/airflow/example_dags/example_branch_datetime_operator.py
[2024-06-28T18:13:46.354+0000] {processor.py:753} INFO - DAG(s) dict_keys(['example_branch_datetime_operator', 'example_branch_datetime_operator_2', 'example_branch_datetime_operator_3']) retrieved from /home/jacksonlmakl/data_flow_tool/airflow_venv/lib/python3.8/site-packages/airflow/example_dags/example_branch_datetime_operator.py
[2024-06-28T18:13:46.380+0000] {logging_mixin.py:137} INFO - [2024-06-28T18:13:46.380+0000] {dag.py:2690} INFO - Sync 3 DAGs
[2024-06-28T18:13:46.403+0000] {logging_mixin.py:137} INFO - [2024-06-28T18:13:46.403+0000] {dag.py:3437} INFO - Setting next_dagrun for example_branch_datetime_operator to 2024-06-27T00:00:00+00:00, run_after=2024-06-28T00:00:00+00:00
[2024-06-28T18:13:46.407+0000] {logging_mixin.py:137} INFO - [2024-06-28T18:13:46.407+0000] {dag.py:3437} INFO - Setting next_dagrun for example_branch_datetime_operator_2 to 2024-06-27T00:00:00+00:00, run_after=2024-06-28T00:00:00+00:00
[2024-06-28T18:13:46.410+0000] {logging_mixin.py:137} INFO - [2024-06-28T18:13:46.409+0000] {dag.py:3437} INFO - Setting next_dagrun for example_branch_datetime_operator_3 to 2024-06-27T00:00:00+00:00, run_after=2024-06-28T00:00:00+00:00
[2024-06-28T18:13:46.432+0000] {processor.py:175} INFO - Processing /home/jacksonlmakl/data_flow_tool/airflow_venv/lib/python3.8/site-packages/airflow/example_dags/example_branch_datetime_operator.py took 0.099 seconds
