[2024-06-28T18:11:08.938+0000] {processor.py:153} INFO - Started process (PID=14134) to work on /home/jacksonlmakl/data_flow_tool/airflow_venv/lib/python3.8/site-packages/airflow/example_dags/example_task_group.py
[2024-06-28T18:11:08.939+0000] {processor.py:743} INFO - Processing file /home/jacksonlmakl/data_flow_tool/airflow_venv/lib/python3.8/site-packages/airflow/example_dags/example_task_group.py for tasks to queue
[2024-06-28T18:11:08.940+0000] {logging_mixin.py:137} INFO - [2024-06-28T18:11:08.939+0000] {dagbag.py:538} INFO - Filling up the DagBag from /home/jacksonlmakl/data_flow_tool/airflow_venv/lib/python3.8/site-packages/airflow/example_dags/example_task_group.py
[2024-06-28T18:11:08.958+0000] {processor.py:753} INFO - DAG(s) dict_keys(['example_task_group']) retrieved from /home/jacksonlmakl/data_flow_tool/airflow_venv/lib/python3.8/site-packages/airflow/example_dags/example_task_group.py
[2024-06-28T18:11:09.065+0000] {logging_mixin.py:137} INFO - [2024-06-28T18:11:09.065+0000] {manager.py:504} INFO - Created Permission View: can edit on DAG:example_task_group
[2024-06-28T18:11:09.077+0000] {logging_mixin.py:137} INFO - [2024-06-28T18:11:09.076+0000] {manager.py:504} INFO - Created Permission View: can read on DAG:example_task_group
[2024-06-28T18:11:09.085+0000] {logging_mixin.py:137} INFO - [2024-06-28T18:11:09.085+0000] {manager.py:504} INFO - Created Permission View: can delete on DAG:example_task_group
[2024-06-28T18:11:09.086+0000] {logging_mixin.py:137} INFO - [2024-06-28T18:11:09.086+0000] {dag.py:2690} INFO - Sync 1 DAGs
[2024-06-28T18:11:09.097+0000] {logging_mixin.py:137} INFO - [2024-06-28T18:11:09.096+0000] {dag.py:2711} INFO - Creating ORM DAG for example_task_group
[2024-06-28T18:11:09.107+0000] {logging_mixin.py:137} INFO - [2024-06-28T18:11:09.106+0000] {dag.py:3437} INFO - Setting next_dagrun for example_task_group to 2024-06-27T18:11:09.106532+00:00, run_after=2024-06-28T18:11:09.106532+00:00
[2024-06-28T18:11:09.131+0000] {processor.py:175} INFO - Processing /home/jacksonlmakl/data_flow_tool/airflow_venv/lib/python3.8/site-packages/airflow/example_dags/example_task_group.py took 0.197 seconds
[2024-06-28T18:12:41.888+0000] {processor.py:153} INFO - Started process (PID=14164) to work on /home/jacksonlmakl/data_flow_tool/airflow_venv/lib/python3.8/site-packages/airflow/example_dags/example_task_group.py
[2024-06-28T18:12:41.890+0000] {processor.py:743} INFO - Processing file /home/jacksonlmakl/data_flow_tool/airflow_venv/lib/python3.8/site-packages/airflow/example_dags/example_task_group.py for tasks to queue
[2024-06-28T18:12:41.891+0000] {logging_mixin.py:137} INFO - [2024-06-28T18:12:41.891+0000] {dagbag.py:538} INFO - Filling up the DagBag from /home/jacksonlmakl/data_flow_tool/airflow_venv/lib/python3.8/site-packages/airflow/example_dags/example_task_group.py
[2024-06-28T18:12:41.901+0000] {processor.py:753} INFO - DAG(s) dict_keys(['example_task_group']) retrieved from /home/jacksonlmakl/data_flow_tool/airflow_venv/lib/python3.8/site-packages/airflow/example_dags/example_task_group.py
[2024-06-28T18:12:41.921+0000] {logging_mixin.py:137} INFO - [2024-06-28T18:12:41.921+0000] {dag.py:2690} INFO - Sync 1 DAGs
[2024-06-28T18:12:41.940+0000] {logging_mixin.py:137} INFO - [2024-06-28T18:12:41.940+0000] {dag.py:3437} INFO - Setting next_dagrun for example_task_group to 2024-06-27T18:12:41.939858+00:00, run_after=2024-06-28T18:12:41.939858+00:00
[2024-06-28T18:12:41.961+0000] {processor.py:175} INFO - Processing /home/jacksonlmakl/data_flow_tool/airflow_venv/lib/python3.8/site-packages/airflow/example_dags/example_task_group.py took 0.077 seconds
[2024-06-28T18:13:26.762+0000] {processor.py:153} INFO - Started process (PID=14212) to work on /home/jacksonlmakl/data_flow_tool/airflow_venv/lib/python3.8/site-packages/airflow/example_dags/example_task_group.py
[2024-06-28T18:13:26.764+0000] {processor.py:743} INFO - Processing file /home/jacksonlmakl/data_flow_tool/airflow_venv/lib/python3.8/site-packages/airflow/example_dags/example_task_group.py for tasks to queue
[2024-06-28T18:13:26.765+0000] {logging_mixin.py:137} INFO - [2024-06-28T18:13:26.765+0000] {dagbag.py:538} INFO - Filling up the DagBag from /home/jacksonlmakl/data_flow_tool/airflow_venv/lib/python3.8/site-packages/airflow/example_dags/example_task_group.py
[2024-06-28T18:13:26.775+0000] {processor.py:753} INFO - DAG(s) dict_keys(['example_task_group']) retrieved from /home/jacksonlmakl/data_flow_tool/airflow_venv/lib/python3.8/site-packages/airflow/example_dags/example_task_group.py
[2024-06-28T18:13:26.795+0000] {logging_mixin.py:137} INFO - [2024-06-28T18:13:26.795+0000] {dag.py:2690} INFO - Sync 1 DAGs
[2024-06-28T18:13:26.814+0000] {logging_mixin.py:137} INFO - [2024-06-28T18:13:26.814+0000] {dag.py:3437} INFO - Setting next_dagrun for example_task_group to 2024-06-27T18:13:26.813792+00:00, run_after=2024-06-28T18:13:26.813792+00:00
[2024-06-28T18:13:26.838+0000] {processor.py:175} INFO - Processing /home/jacksonlmakl/data_flow_tool/airflow_venv/lib/python3.8/site-packages/airflow/example_dags/example_task_group.py took 0.080 seconds
