[2024-06-28T18:13:03.563+0000] {processor.py:153} INFO - Started process (PID=14187) to work on /home/jacksonlmakl/data_flow_tool/airflow_venv/lib/python3.8/site-packages/airflow/example_dags/example_complex.py
[2024-06-28T18:13:03.564+0000] {processor.py:743} INFO - Processing file /home/jacksonlmakl/data_flow_tool/airflow_venv/lib/python3.8/site-packages/airflow/example_dags/example_complex.py for tasks to queue
[2024-06-28T18:13:03.565+0000] {logging_mixin.py:137} INFO - [2024-06-28T18:13:03.564+0000] {dagbag.py:538} INFO - Filling up the DagBag from /home/jacksonlmakl/data_flow_tool/airflow_venv/lib/python3.8/site-packages/airflow/example_dags/example_complex.py
[2024-06-28T18:13:03.576+0000] {logging_mixin.py:137} INFO - [2024-06-28T18:13:03.576+0000] {taskmixin.py:205} WARNING - Dependency <Task(BashOperator): create_entry_group>, delete_entry_group already registered for DAG: example_complex
[2024-06-28T18:13:03.577+0000] {logging_mixin.py:137} INFO - [2024-06-28T18:13:03.577+0000] {taskmixin.py:205} WARNING - Dependency <Task(BashOperator): delete_entry_group>, create_entry_group already registered for DAG: example_complex
[2024-06-28T18:13:03.577+0000] {logging_mixin.py:137} INFO - [2024-06-28T18:13:03.577+0000] {taskmixin.py:205} WARNING - Dependency <Task(BashOperator): create_entry_gcs>, delete_entry already registered for DAG: example_complex
[2024-06-28T18:13:03.577+0000] {logging_mixin.py:137} INFO - [2024-06-28T18:13:03.577+0000] {taskmixin.py:205} WARNING - Dependency <Task(BashOperator): delete_entry>, create_entry_gcs already registered for DAG: example_complex
[2024-06-28T18:13:03.577+0000] {logging_mixin.py:137} INFO - [2024-06-28T18:13:03.577+0000] {taskmixin.py:205} WARNING - Dependency <Task(BashOperator): create_tag>, delete_tag already registered for DAG: example_complex
[2024-06-28T18:13:03.577+0000] {logging_mixin.py:137} INFO - [2024-06-28T18:13:03.577+0000] {taskmixin.py:205} WARNING - Dependency <Task(BashOperator): delete_tag>, create_tag already registered for DAG: example_complex
[2024-06-28T18:13:03.579+0000] {processor.py:753} INFO - DAG(s) dict_keys(['example_complex']) retrieved from /home/jacksonlmakl/data_flow_tool/airflow_venv/lib/python3.8/site-packages/airflow/example_dags/example_complex.py
[2024-06-28T18:13:03.689+0000] {logging_mixin.py:137} INFO - [2024-06-28T18:13:03.689+0000] {manager.py:504} INFO - Created Permission View: can edit on DAG:example_complex
[2024-06-28T18:13:03.701+0000] {logging_mixin.py:137} INFO - [2024-06-28T18:13:03.701+0000] {manager.py:504} INFO - Created Permission View: can read on DAG:example_complex
[2024-06-28T18:13:03.711+0000] {logging_mixin.py:137} INFO - [2024-06-28T18:13:03.711+0000] {manager.py:504} INFO - Created Permission View: can delete on DAG:example_complex
[2024-06-28T18:13:03.711+0000] {logging_mixin.py:137} INFO - [2024-06-28T18:13:03.711+0000] {dag.py:2690} INFO - Sync 1 DAGs
[2024-06-28T18:13:03.722+0000] {logging_mixin.py:137} INFO - [2024-06-28T18:13:03.722+0000] {dag.py:2711} INFO - Creating ORM DAG for example_complex
[2024-06-28T18:13:03.729+0000] {logging_mixin.py:137} INFO - [2024-06-28T18:13:03.729+0000] {dag.py:3437} INFO - Setting next_dagrun for example_complex to None, run_after=None
[2024-06-28T18:13:03.754+0000] {processor.py:175} INFO - Processing /home/jacksonlmakl/data_flow_tool/airflow_venv/lib/python3.8/site-packages/airflow/example_dags/example_complex.py took 0.195 seconds
[2024-06-28T18:13:44.042+0000] {processor.py:153} INFO - Started process (PID=14231) to work on /home/jacksonlmakl/data_flow_tool/airflow_venv/lib/python3.8/site-packages/airflow/example_dags/example_complex.py
[2024-06-28T18:13:44.044+0000] {processor.py:743} INFO - Processing file /home/jacksonlmakl/data_flow_tool/airflow_venv/lib/python3.8/site-packages/airflow/example_dags/example_complex.py for tasks to queue
[2024-06-28T18:13:44.044+0000] {logging_mixin.py:137} INFO - [2024-06-28T18:13:44.044+0000] {dagbag.py:538} INFO - Filling up the DagBag from /home/jacksonlmakl/data_flow_tool/airflow_venv/lib/python3.8/site-packages/airflow/example_dags/example_complex.py
[2024-06-28T18:13:44.056+0000] {logging_mixin.py:137} INFO - [2024-06-28T18:13:44.056+0000] {taskmixin.py:205} WARNING - Dependency <Task(BashOperator): create_entry_group>, delete_entry_group already registered for DAG: example_complex
[2024-06-28T18:13:44.056+0000] {logging_mixin.py:137} INFO - [2024-06-28T18:13:44.056+0000] {taskmixin.py:205} WARNING - Dependency <Task(BashOperator): delete_entry_group>, create_entry_group already registered for DAG: example_complex
[2024-06-28T18:13:44.057+0000] {logging_mixin.py:137} INFO - [2024-06-28T18:13:44.057+0000] {taskmixin.py:205} WARNING - Dependency <Task(BashOperator): create_entry_gcs>, delete_entry already registered for DAG: example_complex
[2024-06-28T18:13:44.057+0000] {logging_mixin.py:137} INFO - [2024-06-28T18:13:44.057+0000] {taskmixin.py:205} WARNING - Dependency <Task(BashOperator): delete_entry>, create_entry_gcs already registered for DAG: example_complex
[2024-06-28T18:13:44.057+0000] {logging_mixin.py:137} INFO - [2024-06-28T18:13:44.057+0000] {taskmixin.py:205} WARNING - Dependency <Task(BashOperator): create_tag>, delete_tag already registered for DAG: example_complex
[2024-06-28T18:13:44.057+0000] {logging_mixin.py:137} INFO - [2024-06-28T18:13:44.057+0000] {taskmixin.py:205} WARNING - Dependency <Task(BashOperator): delete_tag>, create_tag already registered for DAG: example_complex
[2024-06-28T18:13:44.058+0000] {processor.py:753} INFO - DAG(s) dict_keys(['example_complex']) retrieved from /home/jacksonlmakl/data_flow_tool/airflow_venv/lib/python3.8/site-packages/airflow/example_dags/example_complex.py
[2024-06-28T18:13:44.082+0000] {logging_mixin.py:137} INFO - [2024-06-28T18:13:44.082+0000] {dag.py:2690} INFO - Sync 1 DAGs
[2024-06-28T18:13:44.102+0000] {logging_mixin.py:137} INFO - [2024-06-28T18:13:44.102+0000] {dag.py:3437} INFO - Setting next_dagrun for example_complex to None, run_after=None
[2024-06-28T18:13:44.125+0000] {processor.py:175} INFO - Processing /home/jacksonlmakl/data_flow_tool/airflow_venv/lib/python3.8/site-packages/airflow/example_dags/example_complex.py took 0.087 seconds
