[2024-06-28T18:13:08.919+0000] {processor.py:153} INFO - Started process (PID=14192) to work on /home/jacksonlmakl/data_flow_tool/airflow_venv/lib/python3.8/site-packages/airflow/example_dags/example_datasets.py
[2024-06-28T18:13:08.920+0000] {processor.py:743} INFO - Processing file /home/jacksonlmakl/data_flow_tool/airflow_venv/lib/python3.8/site-packages/airflow/example_dags/example_datasets.py for tasks to queue
[2024-06-28T18:13:08.921+0000] {logging_mixin.py:137} INFO - [2024-06-28T18:13:08.921+0000] {dagbag.py:538} INFO - Filling up the DagBag from /home/jacksonlmakl/data_flow_tool/airflow_venv/lib/python3.8/site-packages/airflow/example_dags/example_datasets.py
[2024-06-28T18:13:08.933+0000] {processor.py:753} INFO - DAG(s) dict_keys(['dataset_consumes_1_never_scheduled', 'dataset_consumes_unknown_never_scheduled', 'dataset_consumes_1_and_2', 'dataset_produces_2', 'dataset_consumes_1', 'dataset_produces_1']) retrieved from /home/jacksonlmakl/data_flow_tool/airflow_venv/lib/python3.8/site-packages/airflow/example_dags/example_datasets.py
[2024-06-28T18:13:09.039+0000] {logging_mixin.py:137} INFO - [2024-06-28T18:13:09.039+0000] {manager.py:504} INFO - Created Permission View: can edit on DAG:dataset_consumes_1_never_scheduled
[2024-06-28T18:13:09.052+0000] {logging_mixin.py:137} INFO - [2024-06-28T18:13:09.052+0000] {manager.py:504} INFO - Created Permission View: can read on DAG:dataset_consumes_1_never_scheduled
[2024-06-28T18:13:09.061+0000] {logging_mixin.py:137} INFO - [2024-06-28T18:13:09.061+0000] {manager.py:504} INFO - Created Permission View: can delete on DAG:dataset_consumes_1_never_scheduled
[2024-06-28T18:13:09.082+0000] {logging_mixin.py:137} INFO - [2024-06-28T18:13:09.082+0000] {manager.py:504} INFO - Created Permission View: can edit on DAG:dataset_consumes_unknown_never_scheduled
[2024-06-28T18:13:09.092+0000] {logging_mixin.py:137} INFO - [2024-06-28T18:13:09.091+0000] {manager.py:504} INFO - Created Permission View: can read on DAG:dataset_consumes_unknown_never_scheduled
[2024-06-28T18:13:09.102+0000] {logging_mixin.py:137} INFO - [2024-06-28T18:13:09.101+0000] {manager.py:504} INFO - Created Permission View: can delete on DAG:dataset_consumes_unknown_never_scheduled
[2024-06-28T18:13:09.123+0000] {logging_mixin.py:137} INFO - [2024-06-28T18:13:09.123+0000] {manager.py:504} INFO - Created Permission View: can edit on DAG:dataset_consumes_1_and_2
[2024-06-28T18:13:09.133+0000] {logging_mixin.py:137} INFO - [2024-06-28T18:13:09.133+0000] {manager.py:504} INFO - Created Permission View: can read on DAG:dataset_consumes_1_and_2
[2024-06-28T18:13:09.144+0000] {logging_mixin.py:137} INFO - [2024-06-28T18:13:09.143+0000] {manager.py:504} INFO - Created Permission View: can delete on DAG:dataset_consumes_1_and_2
[2024-06-28T18:13:09.165+0000] {logging_mixin.py:137} INFO - [2024-06-28T18:13:09.165+0000] {manager.py:504} INFO - Created Permission View: can edit on DAG:dataset_produces_2
[2024-06-28T18:13:09.175+0000] {logging_mixin.py:137} INFO - [2024-06-28T18:13:09.175+0000] {manager.py:504} INFO - Created Permission View: can read on DAG:dataset_produces_2
[2024-06-28T18:13:09.185+0000] {logging_mixin.py:137} INFO - [2024-06-28T18:13:09.184+0000] {manager.py:504} INFO - Created Permission View: can delete on DAG:dataset_produces_2
[2024-06-28T18:13:09.206+0000] {logging_mixin.py:137} INFO - [2024-06-28T18:13:09.205+0000] {manager.py:504} INFO - Created Permission View: can edit on DAG:dataset_consumes_1
[2024-06-28T18:13:09.216+0000] {logging_mixin.py:137} INFO - [2024-06-28T18:13:09.215+0000] {manager.py:504} INFO - Created Permission View: can read on DAG:dataset_consumes_1
[2024-06-28T18:13:09.227+0000] {logging_mixin.py:137} INFO - [2024-06-28T18:13:09.226+0000] {manager.py:504} INFO - Created Permission View: can delete on DAG:dataset_consumes_1
[2024-06-28T18:13:09.247+0000] {logging_mixin.py:137} INFO - [2024-06-28T18:13:09.247+0000] {manager.py:504} INFO - Created Permission View: can edit on DAG:dataset_produces_1
[2024-06-28T18:13:09.257+0000] {logging_mixin.py:137} INFO - [2024-06-28T18:13:09.257+0000] {manager.py:504} INFO - Created Permission View: can read on DAG:dataset_produces_1
[2024-06-28T18:13:09.266+0000] {logging_mixin.py:137} INFO - [2024-06-28T18:13:09.266+0000] {manager.py:504} INFO - Created Permission View: can delete on DAG:dataset_produces_1
[2024-06-28T18:13:09.267+0000] {logging_mixin.py:137} INFO - [2024-06-28T18:13:09.267+0000] {dag.py:2690} INFO - Sync 6 DAGs
[2024-06-28T18:13:09.277+0000] {logging_mixin.py:137} INFO - [2024-06-28T18:13:09.277+0000] {dag.py:2711} INFO - Creating ORM DAG for dataset_consumes_1_never_scheduled
[2024-06-28T18:13:09.278+0000] {logging_mixin.py:137} INFO - [2024-06-28T18:13:09.278+0000] {dag.py:2711} INFO - Creating ORM DAG for dataset_consumes_unknown_never_scheduled
[2024-06-28T18:13:09.278+0000] {logging_mixin.py:137} INFO - [2024-06-28T18:13:09.278+0000] {dag.py:2711} INFO - Creating ORM DAG for dataset_produces_1
[2024-06-28T18:13:09.279+0000] {logging_mixin.py:137} INFO - [2024-06-28T18:13:09.279+0000] {dag.py:2711} INFO - Creating ORM DAG for dataset_consumes_1
[2024-06-28T18:13:09.279+0000] {logging_mixin.py:137} INFO - [2024-06-28T18:13:09.279+0000] {dag.py:2711} INFO - Creating ORM DAG for dataset_consumes_1_and_2
[2024-06-28T18:13:09.279+0000] {logging_mixin.py:137} INFO - [2024-06-28T18:13:09.279+0000] {dag.py:2711} INFO - Creating ORM DAG for dataset_produces_2
[2024-06-28T18:13:09.286+0000] {logging_mixin.py:137} INFO - [2024-06-28T18:13:09.286+0000] {dag.py:3437} INFO - Setting next_dagrun for dataset_consumes_1 to None, run_after=None
[2024-06-28T18:13:09.287+0000] {logging_mixin.py:137} INFO - [2024-06-28T18:13:09.287+0000] {dag.py:3437} INFO - Setting next_dagrun for dataset_consumes_1_and_2 to None, run_after=None
[2024-06-28T18:13:09.288+0000] {logging_mixin.py:137} INFO - [2024-06-28T18:13:09.287+0000] {dag.py:3437} INFO - Setting next_dagrun for dataset_consumes_1_never_scheduled to None, run_after=None
[2024-06-28T18:13:09.288+0000] {logging_mixin.py:137} INFO - [2024-06-28T18:13:09.288+0000] {dag.py:3437} INFO - Setting next_dagrun for dataset_consumes_unknown_never_scheduled to None, run_after=None
[2024-06-28T18:13:09.290+0000] {logging_mixin.py:137} INFO - [2024-06-28T18:13:09.290+0000] {dag.py:3437} INFO - Setting next_dagrun for dataset_produces_1 to 2024-06-27T00:00:00+00:00, run_after=2024-06-28T00:00:00+00:00
[2024-06-28T18:13:09.290+0000] {logging_mixin.py:137} INFO - [2024-06-28T18:13:09.290+0000] {dag.py:3437} INFO - Setting next_dagrun for dataset_produces_2 to None, run_after=None
[2024-06-28T18:13:09.328+0000] {processor.py:175} INFO - Processing /home/jacksonlmakl/data_flow_tool/airflow_venv/lib/python3.8/site-packages/airflow/example_dags/example_datasets.py took 0.412 seconds
[2024-06-28T18:13:48.991+0000] {processor.py:153} INFO - Started process (PID=14236) to work on /home/jacksonlmakl/data_flow_tool/airflow_venv/lib/python3.8/site-packages/airflow/example_dags/example_datasets.py
[2024-06-28T18:13:48.993+0000] {processor.py:743} INFO - Processing file /home/jacksonlmakl/data_flow_tool/airflow_venv/lib/python3.8/site-packages/airflow/example_dags/example_datasets.py for tasks to queue
[2024-06-28T18:13:48.993+0000] {logging_mixin.py:137} INFO - [2024-06-28T18:13:48.993+0000] {dagbag.py:538} INFO - Filling up the DagBag from /home/jacksonlmakl/data_flow_tool/airflow_venv/lib/python3.8/site-packages/airflow/example_dags/example_datasets.py
[2024-06-28T18:13:49.005+0000] {processor.py:753} INFO - DAG(s) dict_keys(['dataset_consumes_unknown_never_scheduled', 'dataset_produces_2', 'dataset_produces_1', 'dataset_consumes_1_never_scheduled', 'dataset_consumes_1_and_2', 'dataset_consumes_1']) retrieved from /home/jacksonlmakl/data_flow_tool/airflow_venv/lib/python3.8/site-packages/airflow/example_dags/example_datasets.py
[2024-06-28T18:13:49.039+0000] {logging_mixin.py:137} INFO - [2024-06-28T18:13:49.039+0000] {dag.py:2690} INFO - Sync 6 DAGs
[2024-06-28T18:13:49.064+0000] {logging_mixin.py:137} INFO - [2024-06-28T18:13:49.064+0000] {dag.py:3437} INFO - Setting next_dagrun for dataset_consumes_1 to None, run_after=None
[2024-06-28T18:13:49.068+0000] {logging_mixin.py:137} INFO - [2024-06-28T18:13:49.068+0000] {dag.py:3437} INFO - Setting next_dagrun for dataset_consumes_1_and_2 to None, run_after=None
[2024-06-28T18:13:49.069+0000] {logging_mixin.py:137} INFO - [2024-06-28T18:13:49.069+0000] {dag.py:3437} INFO - Setting next_dagrun for dataset_consumes_1_never_scheduled to None, run_after=None
[2024-06-28T18:13:49.070+0000] {logging_mixin.py:137} INFO - [2024-06-28T18:13:49.069+0000] {dag.py:3437} INFO - Setting next_dagrun for dataset_consumes_unknown_never_scheduled to None, run_after=None
[2024-06-28T18:13:49.072+0000] {logging_mixin.py:137} INFO - [2024-06-28T18:13:49.072+0000] {dag.py:3437} INFO - Setting next_dagrun for dataset_produces_1 to 2024-06-27T00:00:00+00:00, run_after=2024-06-28T00:00:00+00:00
[2024-06-28T18:13:49.073+0000] {logging_mixin.py:137} INFO - [2024-06-28T18:13:49.073+0000] {dag.py:3437} INFO - Setting next_dagrun for dataset_produces_2 to None, run_after=None
[2024-06-28T18:13:49.105+0000] {processor.py:175} INFO - Processing /home/jacksonlmakl/data_flow_tool/airflow_venv/lib/python3.8/site-packages/airflow/example_dags/example_datasets.py took 0.118 seconds
