[2024-06-28T18:11:02.551+0000] {processor.py:153} INFO - Started process (PID=14129) to work on /home/jacksonlmakl/data_flow_tool/airflow_venv/lib/python3.8/site-packages/airflow/example_dags/example_local_kubernetes_executor.py
[2024-06-28T18:11:02.552+0000] {processor.py:743} INFO - Processing file /home/jacksonlmakl/data_flow_tool/airflow_venv/lib/python3.8/site-packages/airflow/example_dags/example_local_kubernetes_executor.py for tasks to queue
[2024-06-28T18:11:02.552+0000] {logging_mixin.py:137} INFO - [2024-06-28T18:11:02.552+0000] {dagbag.py:538} INFO - Filling up the DagBag from /home/jacksonlmakl/data_flow_tool/airflow_venv/lib/python3.8/site-packages/airflow/example_dags/example_local_kubernetes_executor.py
[2024-06-28T18:11:02.571+0000] {logging_mixin.py:137} INFO - [2024-06-28T18:11:02.571+0000] {example_local_kubernetes_executor.py:39} WARNING - Could not import DAGs in example_local_kubernetes_executor.py
Traceback (most recent call last):
  File "/home/jacksonlmakl/data_flow_tool/airflow_venv/lib/python3.8/site-packages/airflow/example_dags/example_local_kubernetes_executor.py", line 37, in <module>
    from kubernetes.client import models as k8s
ModuleNotFoundError: No module named 'kubernetes'
[2024-06-28T18:11:02.572+0000] {logging_mixin.py:137} INFO - [2024-06-28T18:11:02.572+0000] {example_local_kubernetes_executor.py:40} WARNING - Install Kubernetes dependencies with: pip install apache-airflow[cncf.kubernetes]
[2024-06-28T18:11:02.572+0000] {processor.py:755} WARNING - No viable dags retrieved from /home/jacksonlmakl/data_flow_tool/airflow_venv/lib/python3.8/site-packages/airflow/example_dags/example_local_kubernetes_executor.py
[2024-06-28T18:11:02.582+0000] {processor.py:175} INFO - Processing /home/jacksonlmakl/data_flow_tool/airflow_venv/lib/python3.8/site-packages/airflow/example_dags/example_local_kubernetes_executor.py took 0.035 seconds
[2024-06-28T18:12:36.885+0000] {processor.py:153} INFO - Started process (PID=14158) to work on /home/jacksonlmakl/data_flow_tool/airflow_venv/lib/python3.8/site-packages/airflow/example_dags/example_local_kubernetes_executor.py
[2024-06-28T18:12:36.887+0000] {processor.py:743} INFO - Processing file /home/jacksonlmakl/data_flow_tool/airflow_venv/lib/python3.8/site-packages/airflow/example_dags/example_local_kubernetes_executor.py for tasks to queue
[2024-06-28T18:12:36.888+0000] {logging_mixin.py:137} INFO - [2024-06-28T18:12:36.888+0000] {dagbag.py:538} INFO - Filling up the DagBag from /home/jacksonlmakl/data_flow_tool/airflow_venv/lib/python3.8/site-packages/airflow/example_dags/example_local_kubernetes_executor.py
[2024-06-28T18:12:36.905+0000] {logging_mixin.py:137} INFO - [2024-06-28T18:12:36.905+0000] {example_local_kubernetes_executor.py:39} WARNING - Could not import DAGs in example_local_kubernetes_executor.py
Traceback (most recent call last):
  File "/home/jacksonlmakl/data_flow_tool/airflow_venv/lib/python3.8/site-packages/airflow/example_dags/example_local_kubernetes_executor.py", line 37, in <module>
    from kubernetes.client import models as k8s
ModuleNotFoundError: No module named 'kubernetes'
[2024-06-28T18:12:36.906+0000] {logging_mixin.py:137} INFO - [2024-06-28T18:12:36.906+0000] {example_local_kubernetes_executor.py:40} WARNING - Install Kubernetes dependencies with: pip install apache-airflow[cncf.kubernetes]
[2024-06-28T18:12:36.906+0000] {processor.py:755} WARNING - No viable dags retrieved from /home/jacksonlmakl/data_flow_tool/airflow_venv/lib/python3.8/site-packages/airflow/example_dags/example_local_kubernetes_executor.py
[2024-06-28T18:12:36.916+0000] {processor.py:175} INFO - Processing /home/jacksonlmakl/data_flow_tool/airflow_venv/lib/python3.8/site-packages/airflow/example_dags/example_local_kubernetes_executor.py took 0.034 seconds
[2024-06-28T18:13:21.613+0000] {processor.py:153} INFO - Started process (PID=14207) to work on /home/jacksonlmakl/data_flow_tool/airflow_venv/lib/python3.8/site-packages/airflow/example_dags/example_local_kubernetes_executor.py
[2024-06-28T18:13:21.615+0000] {processor.py:743} INFO - Processing file /home/jacksonlmakl/data_flow_tool/airflow_venv/lib/python3.8/site-packages/airflow/example_dags/example_local_kubernetes_executor.py for tasks to queue
[2024-06-28T18:13:21.616+0000] {logging_mixin.py:137} INFO - [2024-06-28T18:13:21.616+0000] {dagbag.py:538} INFO - Filling up the DagBag from /home/jacksonlmakl/data_flow_tool/airflow_venv/lib/python3.8/site-packages/airflow/example_dags/example_local_kubernetes_executor.py
[2024-06-28T18:13:21.634+0000] {logging_mixin.py:137} INFO - [2024-06-28T18:13:21.633+0000] {example_local_kubernetes_executor.py:39} WARNING - Could not import DAGs in example_local_kubernetes_executor.py
Traceback (most recent call last):
  File "/home/jacksonlmakl/data_flow_tool/airflow_venv/lib/python3.8/site-packages/airflow/example_dags/example_local_kubernetes_executor.py", line 37, in <module>
    from kubernetes.client import models as k8s
ModuleNotFoundError: No module named 'kubernetes'
[2024-06-28T18:13:21.634+0000] {logging_mixin.py:137} INFO - [2024-06-28T18:13:21.634+0000] {example_local_kubernetes_executor.py:40} WARNING - Install Kubernetes dependencies with: pip install apache-airflow[cncf.kubernetes]
[2024-06-28T18:13:21.634+0000] {processor.py:755} WARNING - No viable dags retrieved from /home/jacksonlmakl/data_flow_tool/airflow_venv/lib/python3.8/site-packages/airflow/example_dags/example_local_kubernetes_executor.py
[2024-06-28T18:13:21.644+0000] {processor.py:175} INFO - Processing /home/jacksonlmakl/data_flow_tool/airflow_venv/lib/python3.8/site-packages/airflow/example_dags/example_local_kubernetes_executor.py took 0.035 seconds
