[2024-06-28T18:11:03.693+0000] {processor.py:153} INFO - Started process (PID=14130) to work on /home/jacksonlmakl/data_flow_tool/airflow_venv/lib/python3.8/site-packages/airflow/example_dags/example_subdag_operator.py
[2024-06-28T18:11:03.694+0000] {processor.py:743} INFO - Processing file /home/jacksonlmakl/data_flow_tool/airflow_venv/lib/python3.8/site-packages/airflow/example_dags/example_subdag_operator.py for tasks to queue
[2024-06-28T18:11:03.695+0000] {logging_mixin.py:137} INFO - [2024-06-28T18:11:03.695+0000] {dagbag.py:538} INFO - Filling up the DagBag from /home/jacksonlmakl/data_flow_tool/airflow_venv/lib/python3.8/site-packages/airflow/example_dags/example_subdag_operator.py
[2024-06-28T18:11:03.728+0000] {processor.py:753} INFO - DAG(s) dict_keys(['example_subdag_operator.section-1', 'example_subdag_operator.section-2', 'example_subdag_operator']) retrieved from /home/jacksonlmakl/data_flow_tool/airflow_venv/lib/python3.8/site-packages/airflow/example_dags/example_subdag_operator.py
[2024-06-28T18:11:03.845+0000] {logging_mixin.py:137} INFO - [2024-06-28T18:11:03.845+0000] {manager.py:504} INFO - Created Permission View: can edit on DAG:example_subdag_operator
[2024-06-28T18:11:03.858+0000] {logging_mixin.py:137} INFO - [2024-06-28T18:11:03.857+0000] {manager.py:504} INFO - Created Permission View: can read on DAG:example_subdag_operator
[2024-06-28T18:11:03.878+0000] {logging_mixin.py:137} INFO - [2024-06-28T18:11:03.878+0000] {manager.py:504} INFO - Created Permission View: can delete on DAG:example_subdag_operator
[2024-06-28T18:11:03.878+0000] {logging_mixin.py:137} INFO - [2024-06-28T18:11:03.878+0000] {dag.py:2690} INFO - Sync 3 DAGs
[2024-06-28T18:11:03.890+0000] {logging_mixin.py:137} INFO - [2024-06-28T18:11:03.889+0000] {dag.py:2711} INFO - Creating ORM DAG for example_subdag_operator
[2024-06-28T18:11:03.890+0000] {logging_mixin.py:137} INFO - [2024-06-28T18:11:03.890+0000] {dag.py:2711} INFO - Creating ORM DAG for example_subdag_operator.section-2
[2024-06-28T18:11:03.891+0000] {logging_mixin.py:137} INFO - [2024-06-28T18:11:03.890+0000] {dag.py:2711} INFO - Creating ORM DAG for example_subdag_operator.section-1
[2024-06-28T18:11:03.900+0000] {logging_mixin.py:137} INFO - [2024-06-28T18:11:03.900+0000] {dag.py:3437} INFO - Setting next_dagrun for example_subdag_operator to 2022-01-01T00:00:00+00:00, run_after=2022-01-01T00:00:00+00:00
[2024-06-28T18:11:03.901+0000] {logging_mixin.py:137} INFO - [2024-06-28T18:11:03.901+0000] {dag.py:3437} INFO - Setting next_dagrun for example_subdag_operator.section-1 to None, run_after=None
[2024-06-28T18:11:03.901+0000] {logging_mixin.py:137} INFO - [2024-06-28T18:11:03.901+0000] {dag.py:3437} INFO - Setting next_dagrun for example_subdag_operator.section-2 to None, run_after=None
[2024-06-28T18:11:03.908+0000] {logging_mixin.py:137} INFO - [2024-06-28T18:11:03.908+0000] {dag.py:2690} INFO - Sync 2 DAGs
[2024-06-28T18:11:03.913+0000] {logging_mixin.py:137} INFO - [2024-06-28T18:11:03.913+0000] {dag.py:3437} INFO - Setting next_dagrun for example_subdag_operator.section-1 to None, run_after=None
[2024-06-28T18:11:03.917+0000] {logging_mixin.py:137} INFO - [2024-06-28T18:11:03.916+0000] {dag.py:3437} INFO - Setting next_dagrun for example_subdag_operator.section-2 to None, run_after=None
[2024-06-28T18:11:03.935+0000] {processor.py:175} INFO - Processing /home/jacksonlmakl/data_flow_tool/airflow_venv/lib/python3.8/site-packages/airflow/example_dags/example_subdag_operator.py took 0.246 seconds
[2024-06-28T18:12:38.038+0000] {processor.py:153} INFO - Started process (PID=14159) to work on /home/jacksonlmakl/data_flow_tool/airflow_venv/lib/python3.8/site-packages/airflow/example_dags/example_subdag_operator.py
[2024-06-28T18:12:38.042+0000] {processor.py:743} INFO - Processing file /home/jacksonlmakl/data_flow_tool/airflow_venv/lib/python3.8/site-packages/airflow/example_dags/example_subdag_operator.py for tasks to queue
[2024-06-28T18:12:38.043+0000] {logging_mixin.py:137} INFO - [2024-06-28T18:12:38.043+0000] {dagbag.py:538} INFO - Filling up the DagBag from /home/jacksonlmakl/data_flow_tool/airflow_venv/lib/python3.8/site-packages/airflow/example_dags/example_subdag_operator.py
[2024-06-28T18:12:38.065+0000] {processor.py:753} INFO - DAG(s) dict_keys(['example_subdag_operator.section-1', 'example_subdag_operator.section-2', 'example_subdag_operator']) retrieved from /home/jacksonlmakl/data_flow_tool/airflow_venv/lib/python3.8/site-packages/airflow/example_dags/example_subdag_operator.py
[2024-06-28T18:12:38.081+0000] {logging_mixin.py:137} INFO - [2024-06-28T18:12:38.081+0000] {dag.py:2690} INFO - Sync 3 DAGs
[2024-06-28T18:12:38.099+0000] {logging_mixin.py:137} INFO - [2024-06-28T18:12:38.099+0000] {dag.py:3437} INFO - Setting next_dagrun for example_subdag_operator to 2022-01-01T00:00:00+00:00, run_after=2022-01-01T00:00:00+00:00
[2024-06-28T18:12:38.102+0000] {logging_mixin.py:137} INFO - [2024-06-28T18:12:38.102+0000] {dag.py:3437} INFO - Setting next_dagrun for example_subdag_operator.section-1 to None, run_after=None
[2024-06-28T18:12:38.103+0000] {logging_mixin.py:137} INFO - [2024-06-28T18:12:38.103+0000] {dag.py:3437} INFO - Setting next_dagrun for example_subdag_operator.section-2 to None, run_after=None
[2024-06-28T18:12:38.109+0000] {logging_mixin.py:137} INFO - [2024-06-28T18:12:38.109+0000] {dag.py:2690} INFO - Sync 2 DAGs
[2024-06-28T18:12:38.113+0000] {logging_mixin.py:137} INFO - [2024-06-28T18:12:38.113+0000] {dag.py:3437} INFO - Setting next_dagrun for example_subdag_operator.section-1 to None, run_after=None
[2024-06-28T18:12:38.113+0000] {logging_mixin.py:137} INFO - [2024-06-28T18:12:38.113+0000] {dag.py:3437} INFO - Setting next_dagrun for example_subdag_operator.section-2 to None, run_after=None
[2024-06-28T18:12:38.129+0000] {processor.py:175} INFO - Processing /home/jacksonlmakl/data_flow_tool/airflow_venv/lib/python3.8/site-packages/airflow/example_dags/example_subdag_operator.py took 0.094 seconds
[2024-06-28T18:13:22.756+0000] {processor.py:153} INFO - Started process (PID=14208) to work on /home/jacksonlmakl/data_flow_tool/airflow_venv/lib/python3.8/site-packages/airflow/example_dags/example_subdag_operator.py
[2024-06-28T18:13:22.759+0000] {processor.py:743} INFO - Processing file /home/jacksonlmakl/data_flow_tool/airflow_venv/lib/python3.8/site-packages/airflow/example_dags/example_subdag_operator.py for tasks to queue
[2024-06-28T18:13:22.760+0000] {logging_mixin.py:137} INFO - [2024-06-28T18:13:22.760+0000] {dagbag.py:538} INFO - Filling up the DagBag from /home/jacksonlmakl/data_flow_tool/airflow_venv/lib/python3.8/site-packages/airflow/example_dags/example_subdag_operator.py
[2024-06-28T18:13:22.784+0000] {processor.py:753} INFO - DAG(s) dict_keys(['example_subdag_operator.section-1', 'example_subdag_operator.section-2', 'example_subdag_operator']) retrieved from /home/jacksonlmakl/data_flow_tool/airflow_venv/lib/python3.8/site-packages/airflow/example_dags/example_subdag_operator.py
[2024-06-28T18:13:22.800+0000] {logging_mixin.py:137} INFO - [2024-06-28T18:13:22.800+0000] {dag.py:2690} INFO - Sync 3 DAGs
[2024-06-28T18:13:22.818+0000] {logging_mixin.py:137} INFO - [2024-06-28T18:13:22.818+0000] {dag.py:3437} INFO - Setting next_dagrun for example_subdag_operator to 2022-01-01T00:00:00+00:00, run_after=2022-01-01T00:00:00+00:00
[2024-06-28T18:13:22.820+0000] {logging_mixin.py:137} INFO - [2024-06-28T18:13:22.820+0000] {dag.py:3437} INFO - Setting next_dagrun for example_subdag_operator.section-1 to None, run_after=None
[2024-06-28T18:13:22.821+0000] {logging_mixin.py:137} INFO - [2024-06-28T18:13:22.821+0000] {dag.py:3437} INFO - Setting next_dagrun for example_subdag_operator.section-2 to None, run_after=None
[2024-06-28T18:13:22.828+0000] {logging_mixin.py:137} INFO - [2024-06-28T18:13:22.828+0000] {dag.py:2690} INFO - Sync 2 DAGs
[2024-06-28T18:13:22.833+0000] {logging_mixin.py:137} INFO - [2024-06-28T18:13:22.832+0000] {dag.py:3437} INFO - Setting next_dagrun for example_subdag_operator.section-1 to None, run_after=None
[2024-06-28T18:13:22.833+0000] {logging_mixin.py:137} INFO - [2024-06-28T18:13:22.833+0000] {dag.py:3437} INFO - Setting next_dagrun for example_subdag_operator.section-2 to None, run_after=None
[2024-06-28T18:13:22.849+0000] {processor.py:175} INFO - Processing /home/jacksonlmakl/data_flow_tool/airflow_venv/lib/python3.8/site-packages/airflow/example_dags/example_subdag_operator.py took 0.098 seconds
