[2024-06-28T18:10:56.408+0000] {processor.py:153} INFO - Started process (PID=14118) to work on /home/jacksonlmakl/data_flow_tool/airflow_venv/lib/python3.8/site-packages/airflow/example_dags/tutorial_taskflow_api_virtualenv.py
[2024-06-28T18:10:56.408+0000] {processor.py:743} INFO - Processing file /home/jacksonlmakl/data_flow_tool/airflow_venv/lib/python3.8/site-packages/airflow/example_dags/tutorial_taskflow_api_virtualenv.py for tasks to queue
[2024-06-28T18:10:56.409+0000] {logging_mixin.py:137} INFO - [2024-06-28T18:10:56.409+0000] {dagbag.py:538} INFO - Filling up the DagBag from /home/jacksonlmakl/data_flow_tool/airflow_venv/lib/python3.8/site-packages/airflow/example_dags/tutorial_taskflow_api_virtualenv.py
[2024-06-28T18:10:56.428+0000] {logging_mixin.py:137} INFO - [2024-06-28T18:10:56.427+0000] {tutorial_taskflow_api_virtualenv.py:29} WARNING - The tutorial_taskflow_api_virtualenv example DAG requires virtualenv, please install it.
[2024-06-28T18:10:56.428+0000] {processor.py:755} WARNING - No viable dags retrieved from /home/jacksonlmakl/data_flow_tool/airflow_venv/lib/python3.8/site-packages/airflow/example_dags/tutorial_taskflow_api_virtualenv.py
[2024-06-28T18:10:56.438+0000] {processor.py:175} INFO - Processing /home/jacksonlmakl/data_flow_tool/airflow_venv/lib/python3.8/site-packages/airflow/example_dags/tutorial_taskflow_api_virtualenv.py took 0.041 seconds
[2024-06-28T18:12:31.890+0000] {processor.py:153} INFO - Started process (PID=14151) to work on /home/jacksonlmakl/data_flow_tool/airflow_venv/lib/python3.8/site-packages/airflow/example_dags/tutorial_taskflow_api_virtualenv.py
[2024-06-28T18:12:31.892+0000] {processor.py:743} INFO - Processing file /home/jacksonlmakl/data_flow_tool/airflow_venv/lib/python3.8/site-packages/airflow/example_dags/tutorial_taskflow_api_virtualenv.py for tasks to queue
[2024-06-28T18:12:31.893+0000] {logging_mixin.py:137} INFO - [2024-06-28T18:12:31.892+0000] {dagbag.py:538} INFO - Filling up the DagBag from /home/jacksonlmakl/data_flow_tool/airflow_venv/lib/python3.8/site-packages/airflow/example_dags/tutorial_taskflow_api_virtualenv.py
[2024-06-28T18:12:31.909+0000] {logging_mixin.py:137} INFO - [2024-06-28T18:12:31.908+0000] {tutorial_taskflow_api_virtualenv.py:29} WARNING - The tutorial_taskflow_api_virtualenv example DAG requires virtualenv, please install it.
[2024-06-28T18:12:31.909+0000] {processor.py:755} WARNING - No viable dags retrieved from /home/jacksonlmakl/data_flow_tool/airflow_venv/lib/python3.8/site-packages/airflow/example_dags/tutorial_taskflow_api_virtualenv.py
[2024-06-28T18:12:31.919+0000] {processor.py:175} INFO - Processing /home/jacksonlmakl/data_flow_tool/airflow_venv/lib/python3.8/site-packages/airflow/example_dags/tutorial_taskflow_api_virtualenv.py took 0.033 seconds
[2024-06-28T18:13:16.555+0000] {processor.py:153} INFO - Started process (PID=14202) to work on /home/jacksonlmakl/data_flow_tool/airflow_venv/lib/python3.8/site-packages/airflow/example_dags/tutorial_taskflow_api_virtualenv.py
[2024-06-28T18:13:16.557+0000] {processor.py:743} INFO - Processing file /home/jacksonlmakl/data_flow_tool/airflow_venv/lib/python3.8/site-packages/airflow/example_dags/tutorial_taskflow_api_virtualenv.py for tasks to queue
[2024-06-28T18:13:16.557+0000] {logging_mixin.py:137} INFO - [2024-06-28T18:13:16.557+0000] {dagbag.py:538} INFO - Filling up the DagBag from /home/jacksonlmakl/data_flow_tool/airflow_venv/lib/python3.8/site-packages/airflow/example_dags/tutorial_taskflow_api_virtualenv.py
[2024-06-28T18:13:16.573+0000] {logging_mixin.py:137} INFO - [2024-06-28T18:13:16.573+0000] {tutorial_taskflow_api_virtualenv.py:29} WARNING - The tutorial_taskflow_api_virtualenv example DAG requires virtualenv, please install it.
[2024-06-28T18:13:16.573+0000] {processor.py:755} WARNING - No viable dags retrieved from /home/jacksonlmakl/data_flow_tool/airflow_venv/lib/python3.8/site-packages/airflow/example_dags/tutorial_taskflow_api_virtualenv.py
[2024-06-28T18:13:16.584+0000] {processor.py:175} INFO - Processing /home/jacksonlmakl/data_flow_tool/airflow_venv/lib/python3.8/site-packages/airflow/example_dags/tutorial_taskflow_api_virtualenv.py took 0.033 seconds
[2024-06-28T18:13:53.288+0000] {processor.py:153} INFO - Started process (PID=14240) to work on /home/jacksonlmakl/data_flow_tool/airflow_venv/lib/python3.8/site-packages/airflow/example_dags/tutorial_taskflow_api_virtualenv.py
[2024-06-28T18:13:53.290+0000] {processor.py:743} INFO - Processing file /home/jacksonlmakl/data_flow_tool/airflow_venv/lib/python3.8/site-packages/airflow/example_dags/tutorial_taskflow_api_virtualenv.py for tasks to queue
[2024-06-28T18:13:53.291+0000] {logging_mixin.py:137} INFO - [2024-06-28T18:13:53.291+0000] {dagbag.py:538} INFO - Filling up the DagBag from /home/jacksonlmakl/data_flow_tool/airflow_venv/lib/python3.8/site-packages/airflow/example_dags/tutorial_taskflow_api_virtualenv.py
[2024-06-28T18:13:53.308+0000] {logging_mixin.py:137} INFO - [2024-06-28T18:13:53.308+0000] {tutorial_taskflow_api_virtualenv.py:29} WARNING - The tutorial_taskflow_api_virtualenv example DAG requires virtualenv, please install it.
[2024-06-28T18:13:53.308+0000] {processor.py:755} WARNING - No viable dags retrieved from /home/jacksonlmakl/data_flow_tool/airflow_venv/lib/python3.8/site-packages/airflow/example_dags/tutorial_taskflow_api_virtualenv.py
[2024-06-28T18:13:53.318+0000] {processor.py:175} INFO - Processing /home/jacksonlmakl/data_flow_tool/airflow_venv/lib/python3.8/site-packages/airflow/example_dags/tutorial_taskflow_api_virtualenv.py took 0.034 seconds
