[2024-06-28T18:12:45.776+0000] {processor.py:153} INFO - Started process (PID=14170) to work on /home/jacksonlmakl/data_flow_tool/airflow_venv/lib/python3.8/site-packages/airflow/example_dags/tutorial.py
[2024-06-28T18:12:45.777+0000] {processor.py:743} INFO - Processing file /home/jacksonlmakl/data_flow_tool/airflow_venv/lib/python3.8/site-packages/airflow/example_dags/tutorial.py for tasks to queue
[2024-06-28T18:12:45.778+0000] {logging_mixin.py:137} INFO - [2024-06-28T18:12:45.778+0000] {dagbag.py:538} INFO - Filling up the DagBag from /home/jacksonlmakl/data_flow_tool/airflow_venv/lib/python3.8/site-packages/airflow/example_dags/tutorial.py
[2024-06-28T18:12:45.787+0000] {processor.py:753} INFO - DAG(s) dict_keys(['tutorial']) retrieved from /home/jacksonlmakl/data_flow_tool/airflow_venv/lib/python3.8/site-packages/airflow/example_dags/tutorial.py
[2024-06-28T18:12:45.893+0000] {logging_mixin.py:137} INFO - [2024-06-28T18:12:45.892+0000] {manager.py:504} INFO - Created Permission View: can edit on DAG:tutorial
[2024-06-28T18:12:45.903+0000] {logging_mixin.py:137} INFO - [2024-06-28T18:12:45.903+0000] {manager.py:504} INFO - Created Permission View: can read on DAG:tutorial
[2024-06-28T18:12:45.911+0000] {logging_mixin.py:137} INFO - [2024-06-28T18:12:45.911+0000] {manager.py:504} INFO - Created Permission View: can delete on DAG:tutorial
[2024-06-28T18:12:45.912+0000] {logging_mixin.py:137} INFO - [2024-06-28T18:12:45.912+0000] {dag.py:2690} INFO - Sync 1 DAGs
[2024-06-28T18:12:45.922+0000] {logging_mixin.py:137} INFO - [2024-06-28T18:12:45.922+0000] {dag.py:2711} INFO - Creating ORM DAG for tutorial
[2024-06-28T18:12:45.929+0000] {logging_mixin.py:137} INFO - [2024-06-28T18:12:45.929+0000] {dag.py:3437} INFO - Setting next_dagrun for tutorial to 2024-06-27T18:12:45.929199+00:00, run_after=2024-06-28T18:12:45.929199+00:00
[2024-06-28T18:12:45.952+0000] {processor.py:175} INFO - Processing /home/jacksonlmakl/data_flow_tool/airflow_venv/lib/python3.8/site-packages/airflow/example_dags/tutorial.py took 0.179 seconds
[2024-06-28T18:13:30.776+0000] {processor.py:153} INFO - Started process (PID=14216) to work on /home/jacksonlmakl/data_flow_tool/airflow_venv/lib/python3.8/site-packages/airflow/example_dags/tutorial.py
[2024-06-28T18:13:30.778+0000] {processor.py:743} INFO - Processing file /home/jacksonlmakl/data_flow_tool/airflow_venv/lib/python3.8/site-packages/airflow/example_dags/tutorial.py for tasks to queue
[2024-06-28T18:13:30.779+0000] {logging_mixin.py:137} INFO - [2024-06-28T18:13:30.779+0000] {dagbag.py:538} INFO - Filling up the DagBag from /home/jacksonlmakl/data_flow_tool/airflow_venv/lib/python3.8/site-packages/airflow/example_dags/tutorial.py
[2024-06-28T18:13:30.788+0000] {processor.py:753} INFO - DAG(s) dict_keys(['tutorial']) retrieved from /home/jacksonlmakl/data_flow_tool/airflow_venv/lib/python3.8/site-packages/airflow/example_dags/tutorial.py
[2024-06-28T18:13:30.811+0000] {logging_mixin.py:137} INFO - [2024-06-28T18:13:30.810+0000] {dag.py:2690} INFO - Sync 1 DAGs
[2024-06-28T18:13:30.829+0000] {logging_mixin.py:137} INFO - [2024-06-28T18:13:30.829+0000] {dag.py:3437} INFO - Setting next_dagrun for tutorial to 2024-06-27T18:13:30.829516+00:00, run_after=2024-06-28T18:13:30.829516+00:00
[2024-06-28T18:13:30.857+0000] {processor.py:175} INFO - Processing /home/jacksonlmakl/data_flow_tool/airflow_venv/lib/python3.8/site-packages/airflow/example_dags/tutorial.py took 0.085 seconds
[2024-06-28T18:14:09.710+0000] {processor.py:153} INFO - Started process (PID=14275) to work on /home/jacksonlmakl/data_flow_tool/airflow_venv/lib/python3.8/site-packages/airflow/example_dags/tutorial.py
[2024-06-28T18:14:09.712+0000] {processor.py:743} INFO - Processing file /home/jacksonlmakl/data_flow_tool/airflow_venv/lib/python3.8/site-packages/airflow/example_dags/tutorial.py for tasks to queue
[2024-06-28T18:14:09.713+0000] {logging_mixin.py:137} INFO - [2024-06-28T18:14:09.712+0000] {dagbag.py:538} INFO - Filling up the DagBag from /home/jacksonlmakl/data_flow_tool/airflow_venv/lib/python3.8/site-packages/airflow/example_dags/tutorial.py
[2024-06-28T18:14:09.722+0000] {processor.py:753} INFO - DAG(s) dict_keys(['tutorial']) retrieved from /home/jacksonlmakl/data_flow_tool/airflow_venv/lib/python3.8/site-packages/airflow/example_dags/tutorial.py
[2024-06-28T18:14:09.741+0000] {logging_mixin.py:137} INFO - [2024-06-28T18:14:09.741+0000] {dag.py:2690} INFO - Sync 1 DAGs
[2024-06-28T18:14:09.762+0000] {logging_mixin.py:137} INFO - [2024-06-28T18:14:09.762+0000] {dag.py:3437} INFO - Setting next_dagrun for tutorial to 2024-06-27T18:14:09.761754+00:00, run_after=2024-06-28T18:14:09.761754+00:00
[2024-06-28T18:14:09.784+0000] {processor.py:175} INFO - Processing /home/jacksonlmakl/data_flow_tool/airflow_venv/lib/python3.8/site-packages/airflow/example_dags/tutorial.py took 0.078 seconds
