[2024-06-28T18:10:55.022+0000] {processor.py:153} INFO - Started process (PID=14117) to work on /home/jacksonlmakl/data_flow_tool/airflow_home/dags/SNOWFLAKE_RAW_dag.py
[2024-06-28T18:10:55.024+0000] {processor.py:743} INFO - Processing file /home/jacksonlmakl/data_flow_tool/airflow_home/dags/SNOWFLAKE_RAW_dag.py for tasks to queue
[2024-06-28T18:10:55.024+0000] {logging_mixin.py:137} INFO - [2024-06-28T18:10:55.024+0000] {dagbag.py:538} INFO - Filling up the DagBag from /home/jacksonlmakl/data_flow_tool/airflow_home/dags/SNOWFLAKE_RAW_dag.py
[2024-06-28T18:10:55.052+0000] {processor.py:753} INFO - DAG(s) dict_keys(['SNOWFLAKE_RAW']) retrieved from /home/jacksonlmakl/data_flow_tool/airflow_home/dags/SNOWFLAKE_RAW_dag.py
[2024-06-28T18:10:55.158+0000] {logging_mixin.py:137} INFO - [2024-06-28T18:10:55.158+0000] {manager.py:504} INFO - Created Permission View: can edit on DAG:SNOWFLAKE_RAW
[2024-06-28T18:10:55.169+0000] {logging_mixin.py:137} INFO - [2024-06-28T18:10:55.169+0000] {manager.py:504} INFO - Created Permission View: can read on DAG:SNOWFLAKE_RAW
[2024-06-28T18:10:55.179+0000] {logging_mixin.py:137} INFO - [2024-06-28T18:10:55.178+0000] {manager.py:504} INFO - Created Permission View: can delete on DAG:SNOWFLAKE_RAW
[2024-06-28T18:10:55.179+0000] {logging_mixin.py:137} INFO - [2024-06-28T18:10:55.179+0000] {dag.py:2690} INFO - Sync 1 DAGs
[2024-06-28T18:10:55.190+0000] {logging_mixin.py:137} INFO - [2024-06-28T18:10:55.190+0000] {dag.py:2711} INFO - Creating ORM DAG for SNOWFLAKE_RAW
[2024-06-28T18:10:55.202+0000] {logging_mixin.py:137} INFO - [2024-06-28T18:10:55.202+0000] {dag.py:3437} INFO - Setting next_dagrun for SNOWFLAKE_RAW to 2024-06-27T00:00:00+00:00, run_after=2024-06-28T00:00:00+00:00
[2024-06-28T18:10:55.221+0000] {processor.py:175} INFO - Processing /home/jacksonlmakl/data_flow_tool/airflow_home/dags/SNOWFLAKE_RAW_dag.py took 0.203 seconds
[2024-06-28T18:12:07.291+0000] {processor.py:153} INFO - Started process (PID=14146) to work on /home/jacksonlmakl/data_flow_tool/airflow_home/dags/SNOWFLAKE_RAW_dag.py
[2024-06-28T18:12:07.295+0000] {processor.py:743} INFO - Processing file /home/jacksonlmakl/data_flow_tool/airflow_home/dags/SNOWFLAKE_RAW_dag.py for tasks to queue
[2024-06-28T18:12:07.296+0000] {logging_mixin.py:137} INFO - [2024-06-28T18:12:07.296+0000] {dagbag.py:538} INFO - Filling up the DagBag from /home/jacksonlmakl/data_flow_tool/airflow_home/dags/SNOWFLAKE_RAW_dag.py
[2024-06-28T18:12:07.307+0000] {processor.py:753} INFO - DAG(s) dict_keys(['SNOWFLAKE_RAW']) retrieved from /home/jacksonlmakl/data_flow_tool/airflow_home/dags/SNOWFLAKE_RAW_dag.py
[2024-06-28T18:12:07.326+0000] {logging_mixin.py:137} INFO - [2024-06-28T18:12:07.326+0000] {dag.py:2690} INFO - Sync 1 DAGs
[2024-06-28T18:12:07.346+0000] {logging_mixin.py:137} INFO - [2024-06-28T18:12:07.346+0000] {dag.py:3437} INFO - Setting next_dagrun for SNOWFLAKE_RAW to 2024-06-28T00:00:00+00:00, run_after=2024-06-29T00:00:00+00:00
[2024-06-28T18:12:07.367+0000] {processor.py:175} INFO - Processing /home/jacksonlmakl/data_flow_tool/airflow_home/dags/SNOWFLAKE_RAW_dag.py took 0.080 seconds
[2024-06-28T18:13:15.412+0000] {processor.py:153} INFO - Started process (PID=14201) to work on /home/jacksonlmakl/data_flow_tool/airflow_home/dags/SNOWFLAKE_RAW_dag.py
[2024-06-28T18:13:15.414+0000] {processor.py:743} INFO - Processing file /home/jacksonlmakl/data_flow_tool/airflow_home/dags/SNOWFLAKE_RAW_dag.py for tasks to queue
[2024-06-28T18:13:15.414+0000] {logging_mixin.py:137} INFO - [2024-06-28T18:13:15.414+0000] {dagbag.py:538} INFO - Filling up the DagBag from /home/jacksonlmakl/data_flow_tool/airflow_home/dags/SNOWFLAKE_RAW_dag.py
[2024-06-28T18:13:15.426+0000] {processor.py:753} INFO - DAG(s) dict_keys(['SNOWFLAKE_RAW']) retrieved from /home/jacksonlmakl/data_flow_tool/airflow_home/dags/SNOWFLAKE_RAW_dag.py
[2024-06-28T18:13:15.446+0000] {logging_mixin.py:137} INFO - [2024-06-28T18:13:15.446+0000] {dag.py:2690} INFO - Sync 1 DAGs
[2024-06-28T18:13:15.466+0000] {logging_mixin.py:137} INFO - [2024-06-28T18:13:15.466+0000] {dag.py:3437} INFO - Setting next_dagrun for SNOWFLAKE_RAW to 2024-06-28T00:00:00+00:00, run_after=2024-06-29T00:00:00+00:00
[2024-06-28T18:13:15.489+0000] {processor.py:175} INFO - Processing /home/jacksonlmakl/data_flow_tool/airflow_home/dags/SNOWFLAKE_RAW_dag.py took 0.081 seconds
[2024-06-28T18:13:52.528+0000] {processor.py:153} INFO - Started process (PID=14239) to work on /home/jacksonlmakl/data_flow_tool/airflow_home/dags/SNOWFLAKE_RAW_dag.py
[2024-06-28T18:13:52.530+0000] {processor.py:743} INFO - Processing file /home/jacksonlmakl/data_flow_tool/airflow_home/dags/SNOWFLAKE_RAW_dag.py for tasks to queue
[2024-06-28T18:13:52.531+0000] {logging_mixin.py:137} INFO - [2024-06-28T18:13:52.531+0000] {dagbag.py:538} INFO - Filling up the DagBag from /home/jacksonlmakl/data_flow_tool/airflow_home/dags/SNOWFLAKE_RAW_dag.py
[2024-06-28T18:13:52.543+0000] {processor.py:753} INFO - DAG(s) dict_keys(['SNOWFLAKE_RAW']) retrieved from /home/jacksonlmakl/data_flow_tool/airflow_home/dags/SNOWFLAKE_RAW_dag.py
[2024-06-28T18:13:52.564+0000] {logging_mixin.py:137} INFO - [2024-06-28T18:13:52.564+0000] {dag.py:2690} INFO - Sync 1 DAGs
[2024-06-28T18:13:52.587+0000] {logging_mixin.py:137} INFO - [2024-06-28T18:13:52.587+0000] {dag.py:3437} INFO - Setting next_dagrun for SNOWFLAKE_RAW to 2024-06-28T00:00:00+00:00, run_after=2024-06-29T00:00:00+00:00
[2024-06-28T18:13:52.609+0000] {processor.py:175} INFO - Processing /home/jacksonlmakl/data_flow_tool/airflow_home/dags/SNOWFLAKE_RAW_dag.py took 0.084 seconds
