[2024-06-28T18:10:54.940+0000] {manager.py:483} INFO - Processing files using up to 1 processes at a time 
[2024-06-28T18:10:54.941+0000] {manager.py:484} INFO - Process each file at most once every 30 seconds
[2024-06-28T18:10:54.941+0000] {manager.py:485} INFO - Checking for new files in /home/jacksonlmakl/data_flow_tool/airflow_home/dags every 300 seconds
[2024-06-28T18:10:54.941+0000] {manager.py:726} INFO - Searching for files in /home/jacksonlmakl/data_flow_tool/airflow_home/dags
[2024-06-28T18:10:54.952+0000] {manager.py:729} INFO - There are 40 files in /home/jacksonlmakl/data_flow_tool/airflow_home/dags
[2024-06-28T18:10:55.323+0000] {manager.py:854} INFO - 
================================================================================
DAG File Processing Stats

File Path                                                                                                                                   PID    Runtime      # DAGs    # Errors  Last Runtime    Last Run
------------------------------------------------------------------------------------------------------------------------------------------  -----  ---------  --------  ----------  --------------  -------------------
/home/jacksonlmakl/data_flow_tool/airflow_venv/lib/python3.8/site-packages/airflow/example_dags/example_sensors.py                                                   0           0
/home/jacksonlmakl/data_flow_tool/airflow_venv/lib/python3.8/site-packages/airflow/example_dags/example_dag_decorator.py                                             0           0
/home/jacksonlmakl/data_flow_tool/airflow_venv/lib/python3.8/site-packages/airflow/example_dags/example_external_task_marker_dag.py                                  0           0
/home/jacksonlmakl/data_flow_tool/airflow_venv/lib/python3.8/site-packages/airflow/example_dags/tutorial_taskflow_api_virtualenv.py                                  0           0
/home/jacksonlmakl/data_flow_tool/airflow_venv/lib/python3.8/site-packages/airflow/example_dags/example_complex.py                                                   0           0
/home/jacksonlmakl/data_flow_tool/airflow_venv/lib/python3.8/site-packages/airflow/example_dags/example_xcomargs.py                                                  0           0
/home/jacksonlmakl/data_flow_tool/airflow_venv/lib/python3.8/site-packages/airflow/example_dags/example_branch_day_of_week_operator.py                               0           0
/home/jacksonlmakl/data_flow_tool/airflow_venv/lib/python3.8/site-packages/airflow/example_dags/example_local_kubernetes_executor.py                                 0           0
/home/jacksonlmakl/data_flow_tool/airflow_venv/lib/python3.8/site-packages/airflow/example_dags/example_subdag_operator.py                                           0           0
/home/jacksonlmakl/data_flow_tool/airflow_venv/lib/python3.8/site-packages/airflow/example_dags/example_latest_only_with_trigger.py                                  0           0
/home/jacksonlmakl/data_flow_tool/airflow_venv/lib/python3.8/site-packages/airflow/example_dags/example_short_circuit_operator.py                                    0           0
/home/jacksonlmakl/data_flow_tool/airflow_venv/lib/python3.8/site-packages/airflow/example_dags/tutorial_dag.py                                                      0           0
/home/jacksonlmakl/data_flow_tool/airflow_venv/lib/python3.8/site-packages/airflow/example_dags/example_task_group.py                                                0           0
/home/jacksonlmakl/data_flow_tool/airflow_venv/lib/python3.8/site-packages/airflow/example_dags/example_task_group_decorator.py                                      0           0
/home/jacksonlmakl/data_flow_tool/airflow_venv/lib/python3.8/site-packages/airflow/example_dags/example_time_delta_sensor_async.py                                   0           0
/home/jacksonlmakl/data_flow_tool/airflow_venv/lib/python3.8/site-packages/airflow/example_dags/example_short_circuit_decorator.py                                   0           0
/home/jacksonlmakl/data_flow_tool/airflow_venv/lib/python3.8/site-packages/airflow/example_dags/tutorial.py                                                          0           0
/home/jacksonlmakl/data_flow_tool/airflow_venv/lib/python3.8/site-packages/airflow/example_dags/example_nested_branch_dag.py                                         0           0
/home/jacksonlmakl/data_flow_tool/airflow_venv/lib/python3.8/site-packages/airflow/example_dags/example_branch_datetime_operator.py                                  0           0
/home/jacksonlmakl/data_flow_tool/airflow_venv/lib/python3.8/site-packages/airflow/example_dags/example_xcom.py                                                      0           0
/home/jacksonlmakl/data_flow_tool/airflow_venv/lib/python3.8/site-packages/airflow/example_dags/example_branch_operator_decorator.py                                 0           0
/home/jacksonlmakl/data_flow_tool/airflow_venv/lib/python3.8/site-packages/airflow/example_dags/example_bash_operator.py                                             0           0
/home/jacksonlmakl/data_flow_tool/airflow_venv/lib/python3.8/site-packages/airflow/example_dags/example_latest_only.py                                               0           0
/home/jacksonlmakl/data_flow_tool/airflow_venv/lib/python3.8/site-packages/airflow/example_dags/example_datasets.py                                                  0           0
/home/jacksonlmakl/data_flow_tool/airflow_venv/lib/python3.8/site-packages/airflow/example_dags/example_branch_python_dop_operator_3.py                              0           0
/home/jacksonlmakl/data_flow_tool/airflow_venv/lib/python3.8/site-packages/airflow/example_dags/example_python_operator.py                                           0           0
/home/jacksonlmakl/data_flow_tool/airflow_venv/lib/python3.8/site-packages/airflow/example_dags/example_sensor_decorator.py                                          0           0
/home/jacksonlmakl/data_flow_tool/airflow_venv/lib/python3.8/site-packages/airflow/example_dags/example_kubernetes_executor.py                                       0           0
/home/jacksonlmakl/data_flow_tool/airflow_venv/lib/python3.8/site-packages/airflow/example_dags/example_branch_operator.py                                           0           0
/home/jacksonlmakl/data_flow_tool/airflow_venv/lib/python3.8/site-packages/airflow/example_dags/example_skip_dag.py                                                  0           0
/home/jacksonlmakl/data_flow_tool/airflow_venv/lib/python3.8/site-packages/airflow/example_dags/example_trigger_target_dag.py                                        0           0
/home/jacksonlmakl/data_flow_tool/airflow_venv/lib/python3.8/site-packages/airflow/example_dags/example_dynamic_task_mapping.py                                      0           0
/home/jacksonlmakl/data_flow_tool/airflow_venv/lib/python3.8/site-packages/airflow/example_dags/example_trigger_controller_dag.py                                    0           0
/home/jacksonlmakl/data_flow_tool/airflow_venv/lib/python3.8/site-packages/airflow/example_dags/example_passing_params_via_test_command.py                           0           0
/home/jacksonlmakl/data_flow_tool/airflow_venv/lib/python3.8/site-packages/airflow/example_dags/tutorial_taskflow_api.py                                             0           0
/home/jacksonlmakl/data_flow_tool/airflow_venv/lib/python3.8/site-packages/airflow/example_dags/example_sla_dag.py                                                   0           0
/home/jacksonlmakl/data_flow_tool/airflow_venv/lib/python3.8/site-packages/airflow/example_dags/example_branch_labels.py                                             0           0
/home/jacksonlmakl/data_flow_tool/airflow_venv/lib/python3.8/site-packages/airflow/example_dags/subdags/subdag.py                                                    0           0
/home/jacksonlmakl/data_flow_tool/airflow_venv/lib/python3.8/site-packages/airflow/example_dags/plugins/workday.py                                                   0           0
/home/jacksonlmakl/data_flow_tool/airflow_home/dags/SNOWFLAKE_RAW_dag.py                                                                                             1           0  0.31s           2024-06-28T18:10:55
================================================================================
[2024-06-28T18:12:07.077+0000] {manager.py:465} INFO - Exiting gracefully upon receiving signal 15
[2024-06-28T18:12:07.235+0000] {manager.py:483} INFO - Processing files using up to 1 processes at a time 
[2024-06-28T18:12:07.235+0000] {manager.py:484} INFO - Process each file at most once every 30 seconds
[2024-06-28T18:12:07.235+0000] {manager.py:485} INFO - Checking for new files in /home/jacksonlmakl/data_flow_tool/airflow_home/dags every 300 seconds
[2024-06-28T18:12:07.235+0000] {manager.py:726} INFO - Searching for files in /home/jacksonlmakl/data_flow_tool/airflow_home/dags
[2024-06-28T18:12:07.246+0000] {manager.py:729} INFO - There are 40 files in /home/jacksonlmakl/data_flow_tool/airflow_home/dags
[2024-06-28T18:12:07.392+0000] {manager.py:854} INFO - 
================================================================================
DAG File Processing Stats

File Path                                                                                                                                   PID    Runtime      # DAGs    # Errors  Last Runtime    Last Run
------------------------------------------------------------------------------------------------------------------------------------------  -----  ---------  --------  ----------  --------------  -------------------
/home/jacksonlmakl/data_flow_tool/airflow_venv/lib/python3.8/site-packages/airflow/example_dags/example_sensors.py                                                   0           0
/home/jacksonlmakl/data_flow_tool/airflow_venv/lib/python3.8/site-packages/airflow/example_dags/example_dag_decorator.py                                             0           0
/home/jacksonlmakl/data_flow_tool/airflow_venv/lib/python3.8/site-packages/airflow/example_dags/example_external_task_marker_dag.py                                  0           0
/home/jacksonlmakl/data_flow_tool/airflow_venv/lib/python3.8/site-packages/airflow/example_dags/tutorial_taskflow_api_virtualenv.py                                  0           0
/home/jacksonlmakl/data_flow_tool/airflow_venv/lib/python3.8/site-packages/airflow/example_dags/example_complex.py                                                   0           0
/home/jacksonlmakl/data_flow_tool/airflow_venv/lib/python3.8/site-packages/airflow/example_dags/example_xcomargs.py                                                  0           0
/home/jacksonlmakl/data_flow_tool/airflow_venv/lib/python3.8/site-packages/airflow/example_dags/example_branch_day_of_week_operator.py                               0           0
/home/jacksonlmakl/data_flow_tool/airflow_venv/lib/python3.8/site-packages/airflow/example_dags/example_local_kubernetes_executor.py                                 0           0
/home/jacksonlmakl/data_flow_tool/airflow_venv/lib/python3.8/site-packages/airflow/example_dags/example_subdag_operator.py                                           0           0
/home/jacksonlmakl/data_flow_tool/airflow_venv/lib/python3.8/site-packages/airflow/example_dags/example_latest_only_with_trigger.py                                  0           0
/home/jacksonlmakl/data_flow_tool/airflow_venv/lib/python3.8/site-packages/airflow/example_dags/example_short_circuit_operator.py                                    0           0
/home/jacksonlmakl/data_flow_tool/airflow_venv/lib/python3.8/site-packages/airflow/example_dags/tutorial_dag.py                                                      0           0
/home/jacksonlmakl/data_flow_tool/airflow_venv/lib/python3.8/site-packages/airflow/example_dags/example_task_group.py                                                0           0
/home/jacksonlmakl/data_flow_tool/airflow_venv/lib/python3.8/site-packages/airflow/example_dags/example_task_group_decorator.py                                      0           0
/home/jacksonlmakl/data_flow_tool/airflow_venv/lib/python3.8/site-packages/airflow/example_dags/example_time_delta_sensor_async.py                                   0           0
/home/jacksonlmakl/data_flow_tool/airflow_venv/lib/python3.8/site-packages/airflow/example_dags/example_short_circuit_decorator.py                                   0           0
/home/jacksonlmakl/data_flow_tool/airflow_venv/lib/python3.8/site-packages/airflow/example_dags/tutorial.py                                                          0           0
/home/jacksonlmakl/data_flow_tool/airflow_venv/lib/python3.8/site-packages/airflow/example_dags/example_nested_branch_dag.py                                         0           0
/home/jacksonlmakl/data_flow_tool/airflow_venv/lib/python3.8/site-packages/airflow/example_dags/example_branch_datetime_operator.py                                  0           0
/home/jacksonlmakl/data_flow_tool/airflow_venv/lib/python3.8/site-packages/airflow/example_dags/example_xcom.py                                                      0           0
/home/jacksonlmakl/data_flow_tool/airflow_venv/lib/python3.8/site-packages/airflow/example_dags/example_branch_operator_decorator.py                                 0           0
/home/jacksonlmakl/data_flow_tool/airflow_venv/lib/python3.8/site-packages/airflow/example_dags/example_bash_operator.py                                             0           0
/home/jacksonlmakl/data_flow_tool/airflow_venv/lib/python3.8/site-packages/airflow/example_dags/example_latest_only.py                                               0           0
/home/jacksonlmakl/data_flow_tool/airflow_venv/lib/python3.8/site-packages/airflow/example_dags/example_datasets.py                                                  0           0
/home/jacksonlmakl/data_flow_tool/airflow_venv/lib/python3.8/site-packages/airflow/example_dags/example_branch_python_dop_operator_3.py                              0           0
/home/jacksonlmakl/data_flow_tool/airflow_venv/lib/python3.8/site-packages/airflow/example_dags/example_python_operator.py                                           0           0
/home/jacksonlmakl/data_flow_tool/airflow_venv/lib/python3.8/site-packages/airflow/example_dags/example_sensor_decorator.py                                          0           0
/home/jacksonlmakl/data_flow_tool/airflow_venv/lib/python3.8/site-packages/airflow/example_dags/example_kubernetes_executor.py                                       0           0
/home/jacksonlmakl/data_flow_tool/airflow_venv/lib/python3.8/site-packages/airflow/example_dags/example_branch_operator.py                                           0           0
/home/jacksonlmakl/data_flow_tool/airflow_venv/lib/python3.8/site-packages/airflow/example_dags/example_skip_dag.py                                                  0           0
/home/jacksonlmakl/data_flow_tool/airflow_venv/lib/python3.8/site-packages/airflow/example_dags/example_trigger_target_dag.py                                        0           0
/home/jacksonlmakl/data_flow_tool/airflow_venv/lib/python3.8/site-packages/airflow/example_dags/example_dynamic_task_mapping.py                                      0           0
/home/jacksonlmakl/data_flow_tool/airflow_venv/lib/python3.8/site-packages/airflow/example_dags/example_trigger_controller_dag.py                                    0           0
/home/jacksonlmakl/data_flow_tool/airflow_venv/lib/python3.8/site-packages/airflow/example_dags/example_passing_params_via_test_command.py                           0           0
/home/jacksonlmakl/data_flow_tool/airflow_venv/lib/python3.8/site-packages/airflow/example_dags/tutorial_taskflow_api.py                                             0           0
/home/jacksonlmakl/data_flow_tool/airflow_venv/lib/python3.8/site-packages/airflow/example_dags/example_sla_dag.py                                                   0           0
/home/jacksonlmakl/data_flow_tool/airflow_venv/lib/python3.8/site-packages/airflow/example_dags/example_branch_labels.py                                             0           0
/home/jacksonlmakl/data_flow_tool/airflow_venv/lib/python3.8/site-packages/airflow/example_dags/subdags/subdag.py                                                    0           0
/home/jacksonlmakl/data_flow_tool/airflow_venv/lib/python3.8/site-packages/airflow/example_dags/plugins/workday.py                                                   0           0
/home/jacksonlmakl/data_flow_tool/airflow_home/dags/SNOWFLAKE_RAW_dag.py                                                                                             1           0  0.10s           2024-06-28T18:12:07
================================================================================
[2024-06-28T18:12:38.142+0000] {manager.py:854} INFO - 
================================================================================
DAG File Processing Stats

File Path                                                                                                                                   PID    Runtime      # DAGs    # Errors  Last Runtime    Last Run
------------------------------------------------------------------------------------------------------------------------------------------  -----  ---------  --------  ----------  --------------  -------------------
/home/jacksonlmakl/data_flow_tool/airflow_venv/lib/python3.8/site-packages/airflow/example_dags/example_dag_decorator.py                                             0           0
/home/jacksonlmakl/data_flow_tool/airflow_venv/lib/python3.8/site-packages/airflow/example_dags/example_external_task_marker_dag.py                                  0           0
/home/jacksonlmakl/data_flow_tool/airflow_venv/lib/python3.8/site-packages/airflow/example_dags/tutorial_taskflow_api_virtualenv.py                                  0           0  0.10s           2024-06-28T18:12:31
/home/jacksonlmakl/data_flow_tool/airflow_venv/lib/python3.8/site-packages/airflow/example_dags/example_complex.py                                                   0           0
/home/jacksonlmakl/data_flow_tool/airflow_venv/lib/python3.8/site-packages/airflow/example_dags/example_branch_day_of_week_operator.py                               0           0
/home/jacksonlmakl/data_flow_tool/airflow_venv/lib/python3.8/site-packages/airflow/example_dags/example_local_kubernetes_executor.py                                 0           0  0.10s           2024-06-28T18:12:36
/home/jacksonlmakl/data_flow_tool/airflow_venv/lib/python3.8/site-packages/airflow/example_dags/example_latest_only_with_trigger.py                                  0           0
/home/jacksonlmakl/data_flow_tool/airflow_venv/lib/python3.8/site-packages/airflow/example_dags/example_short_circuit_operator.py                                    0           0
/home/jacksonlmakl/data_flow_tool/airflow_venv/lib/python3.8/site-packages/airflow/example_dags/tutorial_dag.py                                                      0           0
/home/jacksonlmakl/data_flow_tool/airflow_venv/lib/python3.8/site-packages/airflow/example_dags/example_task_group.py                                                0           0
/home/jacksonlmakl/data_flow_tool/airflow_venv/lib/python3.8/site-packages/airflow/example_dags/example_task_group_decorator.py                                      0           0
/home/jacksonlmakl/data_flow_tool/airflow_venv/lib/python3.8/site-packages/airflow/example_dags/example_time_delta_sensor_async.py                                   0           0
/home/jacksonlmakl/data_flow_tool/airflow_venv/lib/python3.8/site-packages/airflow/example_dags/example_short_circuit_decorator.py                                   0           0
/home/jacksonlmakl/data_flow_tool/airflow_venv/lib/python3.8/site-packages/airflow/example_dags/tutorial.py                                                          0           0
/home/jacksonlmakl/data_flow_tool/airflow_venv/lib/python3.8/site-packages/airflow/example_dags/example_nested_branch_dag.py                                         0           0
/home/jacksonlmakl/data_flow_tool/airflow_venv/lib/python3.8/site-packages/airflow/example_dags/example_branch_datetime_operator.py                                  0           0
/home/jacksonlmakl/data_flow_tool/airflow_venv/lib/python3.8/site-packages/airflow/example_dags/example_xcom.py                                                      0           0
/home/jacksonlmakl/data_flow_tool/airflow_venv/lib/python3.8/site-packages/airflow/example_dags/example_branch_operator_decorator.py                                 0           0
/home/jacksonlmakl/data_flow_tool/airflow_venv/lib/python3.8/site-packages/airflow/example_dags/example_bash_operator.py                                             0           0
/home/jacksonlmakl/data_flow_tool/airflow_venv/lib/python3.8/site-packages/airflow/example_dags/example_latest_only.py                                               0           0
/home/jacksonlmakl/data_flow_tool/airflow_venv/lib/python3.8/site-packages/airflow/example_dags/example_datasets.py                                                  0           0
/home/jacksonlmakl/data_flow_tool/airflow_venv/lib/python3.8/site-packages/airflow/example_dags/example_branch_python_dop_operator_3.py                              0           0
/home/jacksonlmakl/data_flow_tool/airflow_venv/lib/python3.8/site-packages/airflow/example_dags/example_python_operator.py                                           0           0
/home/jacksonlmakl/data_flow_tool/airflow_venv/lib/python3.8/site-packages/airflow/example_dags/example_sensor_decorator.py                                          0           0
/home/jacksonlmakl/data_flow_tool/airflow_venv/lib/python3.8/site-packages/airflow/example_dags/example_kubernetes_executor.py                                       0           0
/home/jacksonlmakl/data_flow_tool/airflow_venv/lib/python3.8/site-packages/airflow/example_dags/example_branch_operator.py                                           0           0
/home/jacksonlmakl/data_flow_tool/airflow_venv/lib/python3.8/site-packages/airflow/example_dags/example_skip_dag.py                                                  0           0
/home/jacksonlmakl/data_flow_tool/airflow_venv/lib/python3.8/site-packages/airflow/example_dags/example_trigger_target_dag.py                                        0           0
/home/jacksonlmakl/data_flow_tool/airflow_venv/lib/python3.8/site-packages/airflow/example_dags/example_dynamic_task_mapping.py                                      0           0
/home/jacksonlmakl/data_flow_tool/airflow_venv/lib/python3.8/site-packages/airflow/example_dags/example_trigger_controller_dag.py                                    0           0
/home/jacksonlmakl/data_flow_tool/airflow_venv/lib/python3.8/site-packages/airflow/example_dags/example_passing_params_via_test_command.py                           0           0
/home/jacksonlmakl/data_flow_tool/airflow_venv/lib/python3.8/site-packages/airflow/example_dags/tutorial_taskflow_api.py                                             0           0
/home/jacksonlmakl/data_flow_tool/airflow_venv/lib/python3.8/site-packages/airflow/example_dags/example_sla_dag.py                                                   0           0
/home/jacksonlmakl/data_flow_tool/airflow_venv/lib/python3.8/site-packages/airflow/example_dags/example_branch_labels.py                                             0           0
/home/jacksonlmakl/data_flow_tool/airflow_venv/lib/python3.8/site-packages/airflow/example_dags/subdags/subdag.py                                                    0           0  0.10s           2024-06-28T18:12:33
/home/jacksonlmakl/data_flow_tool/airflow_venv/lib/python3.8/site-packages/airflow/example_dags/plugins/workday.py                                                   0           0  0.10s           2024-06-28T18:12:34
/home/jacksonlmakl/data_flow_tool/airflow_home/dags/SNOWFLAKE_RAW_dag.py                                                                                             1           0  0.10s           2024-06-28T18:12:07
/home/jacksonlmakl/data_flow_tool/airflow_venv/lib/python3.8/site-packages/airflow/example_dags/example_sensors.py                                                   1           0  0.10s           2024-06-28T18:12:35
/home/jacksonlmakl/data_flow_tool/airflow_venv/lib/python3.8/site-packages/airflow/example_dags/example_xcomargs.py                                                  2           0  0.20s           2024-06-28T18:12:36
/home/jacksonlmakl/data_flow_tool/airflow_venv/lib/python3.8/site-packages/airflow/example_dags/example_subdag_operator.py                                           3           0  0.11s           2024-06-28T18:12:38
================================================================================
[2024-06-28T18:13:09.419+0000] {manager.py:854} INFO - 
================================================================================
DAG File Processing Stats

File Path                                                                                                                                   PID    Runtime      # DAGs    # Errors  Last Runtime    Last Run
------------------------------------------------------------------------------------------------------------------------------------------  -----  ---------  --------  ----------  --------------  -------------------
/home/jacksonlmakl/data_flow_tool/airflow_venv/lib/python3.8/site-packages/airflow/example_dags/tutorial_taskflow_api_virtualenv.py                                  0           0  0.10s           2024-06-28T18:12:31
/home/jacksonlmakl/data_flow_tool/airflow_venv/lib/python3.8/site-packages/airflow/example_dags/example_local_kubernetes_executor.py                                 0           0  0.10s           2024-06-28T18:12:36
/home/jacksonlmakl/data_flow_tool/airflow_venv/lib/python3.8/site-packages/airflow/example_dags/example_branch_python_dop_operator_3.py                              0           0
/home/jacksonlmakl/data_flow_tool/airflow_venv/lib/python3.8/site-packages/airflow/example_dags/example_kubernetes_executor.py                                       0           0
/home/jacksonlmakl/data_flow_tool/airflow_venv/lib/python3.8/site-packages/airflow/example_dags/example_branch_operator.py                                           0           0
/home/jacksonlmakl/data_flow_tool/airflow_venv/lib/python3.8/site-packages/airflow/example_dags/example_dynamic_task_mapping.py                                      0           0
/home/jacksonlmakl/data_flow_tool/airflow_venv/lib/python3.8/site-packages/airflow/example_dags/example_branch_labels.py                                             0           0
/home/jacksonlmakl/data_flow_tool/airflow_venv/lib/python3.8/site-packages/airflow/example_dags/subdags/subdag.py                                                    0           0  0.10s           2024-06-28T18:12:33
/home/jacksonlmakl/data_flow_tool/airflow_venv/lib/python3.8/site-packages/airflow/example_dags/plugins/workday.py                                                   0           0  0.10s           2024-06-28T18:12:34
/home/jacksonlmakl/data_flow_tool/airflow_home/dags/SNOWFLAKE_RAW_dag.py                                                                                             1           0  0.10s           2024-06-28T18:12:07
/home/jacksonlmakl/data_flow_tool/airflow_venv/lib/python3.8/site-packages/airflow/example_dags/example_sensors.py                                                   1           0  0.10s           2024-06-28T18:12:35
/home/jacksonlmakl/data_flow_tool/airflow_venv/lib/python3.8/site-packages/airflow/example_dags/example_dag_decorator.py                                             1           0  0.31s           2024-06-28T18:13:01
/home/jacksonlmakl/data_flow_tool/airflow_venv/lib/python3.8/site-packages/airflow/example_dags/example_complex.py                                                   1           0  0.31s           2024-06-28T18:13:03
/home/jacksonlmakl/data_flow_tool/airflow_venv/lib/python3.8/site-packages/airflow/example_dags/example_branch_day_of_week_operator.py                               1           0  0.20s           2024-06-28T18:13:05
/home/jacksonlmakl/data_flow_tool/airflow_venv/lib/python3.8/site-packages/airflow/example_dags/example_latest_only_with_trigger.py                                  1           0  0.10s           2024-06-28T18:12:39
/home/jacksonlmakl/data_flow_tool/airflow_venv/lib/python3.8/site-packages/airflow/example_dags/example_short_circuit_operator.py                                    1           0  0.10s           2024-06-28T18:12:40
/home/jacksonlmakl/data_flow_tool/airflow_venv/lib/python3.8/site-packages/airflow/example_dags/tutorial_dag.py                                                      1           0  0.10s           2024-06-28T18:12:41
/home/jacksonlmakl/data_flow_tool/airflow_venv/lib/python3.8/site-packages/airflow/example_dags/example_task_group.py                                                1           0  0.10s           2024-06-28T18:12:41
/home/jacksonlmakl/data_flow_tool/airflow_venv/lib/python3.8/site-packages/airflow/example_dags/example_task_group_decorator.py                                      1           0  0.11s           2024-06-28T18:12:42
/home/jacksonlmakl/data_flow_tool/airflow_venv/lib/python3.8/site-packages/airflow/example_dags/example_time_delta_sensor_async.py                                   1           0  0.20s           2024-06-28T18:12:43
/home/jacksonlmakl/data_flow_tool/airflow_venv/lib/python3.8/site-packages/airflow/example_dags/example_short_circuit_decorator.py                                   1           0  0.31s           2024-06-28T18:12:44
/home/jacksonlmakl/data_flow_tool/airflow_venv/lib/python3.8/site-packages/airflow/example_dags/tutorial.py                                                          1           0  0.20s           2024-06-28T18:12:45
/home/jacksonlmakl/data_flow_tool/airflow_venv/lib/python3.8/site-packages/airflow/example_dags/example_nested_branch_dag.py                                         1           0  0.31s           2024-06-28T18:12:47
/home/jacksonlmakl/data_flow_tool/airflow_venv/lib/python3.8/site-packages/airflow/example_dags/example_xcom.py                                                      1           0  0.31s           2024-06-28T18:12:48
/home/jacksonlmakl/data_flow_tool/airflow_venv/lib/python3.8/site-packages/airflow/example_dags/example_branch_operator_decorator.py                                 1           0  0.21s           2024-06-28T18:13:07
/home/jacksonlmakl/data_flow_tool/airflow_venv/lib/python3.8/site-packages/airflow/example_dags/example_bash_operator.py                                             1           0  0.31s           2024-06-28T18:13:07
/home/jacksonlmakl/data_flow_tool/airflow_venv/lib/python3.8/site-packages/airflow/example_dags/example_latest_only.py                                               1           0  0.20s           2024-06-28T18:12:49
/home/jacksonlmakl/data_flow_tool/airflow_venv/lib/python3.8/site-packages/airflow/example_dags/example_python_operator.py                                           1           0  0.31s           2024-06-28T18:12:51
/home/jacksonlmakl/data_flow_tool/airflow_venv/lib/python3.8/site-packages/airflow/example_dags/example_sensor_decorator.py                                          1           0  0.21s           2024-06-28T18:12:52
/home/jacksonlmakl/data_flow_tool/airflow_venv/lib/python3.8/site-packages/airflow/example_dags/example_skip_dag.py                                                  1           0  0.20s           2024-06-28T18:12:53
/home/jacksonlmakl/data_flow_tool/airflow_venv/lib/python3.8/site-packages/airflow/example_dags/example_trigger_target_dag.py                                        1           0  0.21s           2024-06-28T18:12:54
/home/jacksonlmakl/data_flow_tool/airflow_venv/lib/python3.8/site-packages/airflow/example_dags/example_trigger_controller_dag.py                                    1           0  0.20s           2024-06-28T18:12:55
/home/jacksonlmakl/data_flow_tool/airflow_venv/lib/python3.8/site-packages/airflow/example_dags/example_passing_params_via_test_command.py                           1           0  0.31s           2024-06-28T18:12:57
/home/jacksonlmakl/data_flow_tool/airflow_venv/lib/python3.8/site-packages/airflow/example_dags/tutorial_taskflow_api.py                                             1           0  0.21s           2024-06-28T18:12:58
/home/jacksonlmakl/data_flow_tool/airflow_venv/lib/python3.8/site-packages/airflow/example_dags/example_sla_dag.py                                                   1           0  0.21s           2024-06-28T18:12:59
/home/jacksonlmakl/data_flow_tool/airflow_venv/lib/python3.8/site-packages/airflow/example_dags/example_external_task_marker_dag.py                                  2           0  0.31s           2024-06-28T18:13:02
/home/jacksonlmakl/data_flow_tool/airflow_venv/lib/python3.8/site-packages/airflow/example_dags/example_xcomargs.py                                                  2           0  0.20s           2024-06-28T18:12:36
/home/jacksonlmakl/data_flow_tool/airflow_venv/lib/python3.8/site-packages/airflow/example_dags/example_subdag_operator.py                                           3           0  0.11s           2024-06-28T18:12:38
/home/jacksonlmakl/data_flow_tool/airflow_venv/lib/python3.8/site-packages/airflow/example_dags/example_branch_datetime_operator.py                                  3           0  0.31s           2024-06-28T18:13:06
/home/jacksonlmakl/data_flow_tool/airflow_venv/lib/python3.8/site-packages/airflow/example_dags/example_datasets.py                                                  6           0  0.51s           2024-06-28T18:13:09
================================================================================
[2024-06-28T18:13:40.141+0000] {manager.py:854} INFO - 
================================================================================
DAG File Processing Stats

File Path                                                                                                                                   PID    Runtime      # DAGs    # Errors  Last Runtime    Last Run
------------------------------------------------------------------------------------------------------------------------------------------  -----  ---------  --------  ----------  --------------  -------------------
/home/jacksonlmakl/data_flow_tool/airflow_venv/lib/python3.8/site-packages/airflow/example_dags/tutorial_taskflow_api_virtualenv.py                                  0           0  0.10s           2024-06-28T18:13:16
/home/jacksonlmakl/data_flow_tool/airflow_venv/lib/python3.8/site-packages/airflow/example_dags/example_local_kubernetes_executor.py                                 0           0  0.10s           2024-06-28T18:13:21
/home/jacksonlmakl/data_flow_tool/airflow_venv/lib/python3.8/site-packages/airflow/example_dags/example_kubernetes_executor.py                                       0           0  0.10s           2024-06-28T18:13:11
/home/jacksonlmakl/data_flow_tool/airflow_venv/lib/python3.8/site-packages/airflow/example_dags/subdags/subdag.py                                                    0           0  0.10s           2024-06-28T18:13:17
/home/jacksonlmakl/data_flow_tool/airflow_venv/lib/python3.8/site-packages/airflow/example_dags/plugins/workday.py                                                   0           0  0.10s           2024-06-28T18:13:18
/home/jacksonlmakl/data_flow_tool/airflow_home/dags/SNOWFLAKE_RAW_dag.py                                                                                             1           0  0.10s           2024-06-28T18:13:15
/home/jacksonlmakl/data_flow_tool/airflow_venv/lib/python3.8/site-packages/airflow/example_dags/example_sensors.py                                                   1           0  0.10s           2024-06-28T18:13:19
/home/jacksonlmakl/data_flow_tool/airflow_venv/lib/python3.8/site-packages/airflow/example_dags/example_dag_decorator.py                                             1           0  0.31s           2024-06-28T18:13:01
/home/jacksonlmakl/data_flow_tool/airflow_venv/lib/python3.8/site-packages/airflow/example_dags/example_complex.py                                                   1           0  0.31s           2024-06-28T18:13:03
/home/jacksonlmakl/data_flow_tool/airflow_venv/lib/python3.8/site-packages/airflow/example_dags/example_branch_day_of_week_operator.py                               1           0  0.20s           2024-06-28T18:13:05
/home/jacksonlmakl/data_flow_tool/airflow_venv/lib/python3.8/site-packages/airflow/example_dags/example_latest_only_with_trigger.py                                  1           0  0.10s           2024-06-28T18:13:23
/home/jacksonlmakl/data_flow_tool/airflow_venv/lib/python3.8/site-packages/airflow/example_dags/example_short_circuit_operator.py                                    1           0  0.10s           2024-06-28T18:13:24
/home/jacksonlmakl/data_flow_tool/airflow_venv/lib/python3.8/site-packages/airflow/example_dags/tutorial_dag.py                                                      1           0  0.10s           2024-06-28T18:13:25
/home/jacksonlmakl/data_flow_tool/airflow_venv/lib/python3.8/site-packages/airflow/example_dags/example_task_group.py                                                1           0  0.10s           2024-06-28T18:13:26
/home/jacksonlmakl/data_flow_tool/airflow_venv/lib/python3.8/site-packages/airflow/example_dags/example_task_group_decorator.py                                      1           0  0.11s           2024-06-28T18:13:27
/home/jacksonlmakl/data_flow_tool/airflow_venv/lib/python3.8/site-packages/airflow/example_dags/example_time_delta_sensor_async.py                                   1           0  0.10s           2024-06-28T18:13:28
/home/jacksonlmakl/data_flow_tool/airflow_venv/lib/python3.8/site-packages/airflow/example_dags/example_short_circuit_decorator.py                                   1           0  0.11s           2024-06-28T18:13:29
/home/jacksonlmakl/data_flow_tool/airflow_venv/lib/python3.8/site-packages/airflow/example_dags/tutorial.py                                                          1           0  0.10s           2024-06-28T18:13:30
/home/jacksonlmakl/data_flow_tool/airflow_venv/lib/python3.8/site-packages/airflow/example_dags/example_nested_branch_dag.py                                         1           0  0.11s           2024-06-28T18:13:32
/home/jacksonlmakl/data_flow_tool/airflow_venv/lib/python3.8/site-packages/airflow/example_dags/example_xcom.py                                                      1           0  0.10s           2024-06-28T18:13:32
/home/jacksonlmakl/data_flow_tool/airflow_venv/lib/python3.8/site-packages/airflow/example_dags/example_branch_operator_decorator.py                                 1           0  0.21s           2024-06-28T18:13:07
/home/jacksonlmakl/data_flow_tool/airflow_venv/lib/python3.8/site-packages/airflow/example_dags/example_bash_operator.py                                             1           0  0.31s           2024-06-28T18:13:07
/home/jacksonlmakl/data_flow_tool/airflow_venv/lib/python3.8/site-packages/airflow/example_dags/example_latest_only.py                                               1           0  0.10s           2024-06-28T18:13:33
/home/jacksonlmakl/data_flow_tool/airflow_venv/lib/python3.8/site-packages/airflow/example_dags/example_branch_python_dop_operator_3.py                              1           0  0.31s           2024-06-28T18:13:10
/home/jacksonlmakl/data_flow_tool/airflow_venv/lib/python3.8/site-packages/airflow/example_dags/example_python_operator.py                                           1           0  0.11s           2024-06-28T18:13:33
/home/jacksonlmakl/data_flow_tool/airflow_venv/lib/python3.8/site-packages/airflow/example_dags/example_sensor_decorator.py                                          1           0  0.10s           2024-06-28T18:13:34
/home/jacksonlmakl/data_flow_tool/airflow_venv/lib/python3.8/site-packages/airflow/example_dags/example_branch_operator.py                                           1           0  0.31s           2024-06-28T18:13:12
/home/jacksonlmakl/data_flow_tool/airflow_venv/lib/python3.8/site-packages/airflow/example_dags/example_skip_dag.py                                                  1           0  0.10s           2024-06-28T18:13:36
/home/jacksonlmakl/data_flow_tool/airflow_venv/lib/python3.8/site-packages/airflow/example_dags/example_trigger_target_dag.py                                        1           0  0.10s           2024-06-28T18:13:37
/home/jacksonlmakl/data_flow_tool/airflow_venv/lib/python3.8/site-packages/airflow/example_dags/example_dynamic_task_mapping.py                                      1           0  0.20s           2024-06-28T18:13:13
/home/jacksonlmakl/data_flow_tool/airflow_venv/lib/python3.8/site-packages/airflow/example_dags/example_trigger_controller_dag.py                                    1           0  0.10s           2024-06-28T18:13:38
/home/jacksonlmakl/data_flow_tool/airflow_venv/lib/python3.8/site-packages/airflow/example_dags/example_passing_params_via_test_command.py                           1           0  0.21s           2024-06-28T18:13:38
/home/jacksonlmakl/data_flow_tool/airflow_venv/lib/python3.8/site-packages/airflow/example_dags/tutorial_taskflow_api.py                                             1           0  0.10s           2024-06-28T18:13:40
/home/jacksonlmakl/data_flow_tool/airflow_venv/lib/python3.8/site-packages/airflow/example_dags/example_sla_dag.py                                                   1           0  0.21s           2024-06-28T18:12:59
/home/jacksonlmakl/data_flow_tool/airflow_venv/lib/python3.8/site-packages/airflow/example_dags/example_branch_labels.py                                             1           0  0.21s           2024-06-28T18:13:14
/home/jacksonlmakl/data_flow_tool/airflow_venv/lib/python3.8/site-packages/airflow/example_dags/example_external_task_marker_dag.py                                  2           0  0.31s           2024-06-28T18:13:02
/home/jacksonlmakl/data_flow_tool/airflow_venv/lib/python3.8/site-packages/airflow/example_dags/example_xcomargs.py                                                  2           0  0.11s           2024-06-28T18:13:20
/home/jacksonlmakl/data_flow_tool/airflow_venv/lib/python3.8/site-packages/airflow/example_dags/example_subdag_operator.py                                           3           0  0.20s           2024-06-28T18:13:22
/home/jacksonlmakl/data_flow_tool/airflow_venv/lib/python3.8/site-packages/airflow/example_dags/example_branch_datetime_operator.py                                  3           0  0.31s           2024-06-28T18:13:06
/home/jacksonlmakl/data_flow_tool/airflow_venv/lib/python3.8/site-packages/airflow/example_dags/example_datasets.py                                                  6           0  0.51s           2024-06-28T18:13:09
================================================================================
[2024-06-28T18:14:11.063+0000] {manager.py:854} INFO - 
================================================================================
DAG File Processing Stats

File Path                                                                                                                                   PID    Runtime      # DAGs    # Errors  Last Runtime    Last Run
------------------------------------------------------------------------------------------------------------------------------------------  -----  ---------  --------  ----------  --------------  -------------------
/home/jacksonlmakl/data_flow_tool/airflow_venv/lib/python3.8/site-packages/airflow/example_dags/tutorial_taskflow_api_virtualenv.py                                  0           0  0.10s           2024-06-28T18:13:53
/home/jacksonlmakl/data_flow_tool/airflow_venv/lib/python3.8/site-packages/airflow/example_dags/example_local_kubernetes_executor.py                                 0           0  0.10s           2024-06-28T18:13:58
/home/jacksonlmakl/data_flow_tool/airflow_venv/lib/python3.8/site-packages/airflow/example_dags/example_kubernetes_executor.py                                       0           0  0.10s           2024-06-28T18:13:51
/home/jacksonlmakl/data_flow_tool/airflow_venv/lib/python3.8/site-packages/airflow/example_dags/subdags/subdag.py                                                    0           0  0.10s           2024-06-28T18:13:54
/home/jacksonlmakl/data_flow_tool/airflow_venv/lib/python3.8/site-packages/airflow/example_dags/plugins/workday.py                                                   0           0  0.10s           2024-06-28T18:13:55
/home/jacksonlmakl/data_flow_tool/airflow_home/dags/SNOWFLAKE_RAW_dag.py                                                                                             1           0  0.10s           2024-06-28T18:13:52
/home/jacksonlmakl/data_flow_tool/airflow_venv/lib/python3.8/site-packages/airflow/example_dags/example_sensors.py                                                   1           0  0.10s           2024-06-28T18:13:56
/home/jacksonlmakl/data_flow_tool/airflow_venv/lib/python3.8/site-packages/airflow/example_dags/example_dag_decorator.py                                             1           0  0.20s           2024-06-28T18:13:42
/home/jacksonlmakl/data_flow_tool/airflow_venv/lib/python3.8/site-packages/airflow/example_dags/example_complex.py                                                   1           0  0.10s           2024-06-28T18:13:44
/home/jacksonlmakl/data_flow_tool/airflow_venv/lib/python3.8/site-packages/airflow/example_dags/example_branch_day_of_week_operator.py                               1           0  0.10s           2024-06-28T18:13:45
/home/jacksonlmakl/data_flow_tool/airflow_venv/lib/python3.8/site-packages/airflow/example_dags/example_latest_only_with_trigger.py                                  1           0  0.11s           2024-06-28T18:14:03
/home/jacksonlmakl/data_flow_tool/airflow_venv/lib/python3.8/site-packages/airflow/example_dags/example_short_circuit_operator.py                                    1           0  0.10s           2024-06-28T18:14:03
/home/jacksonlmakl/data_flow_tool/airflow_venv/lib/python3.8/site-packages/airflow/example_dags/tutorial_dag.py                                                      1           0  0.10s           2024-06-28T18:14:04
/home/jacksonlmakl/data_flow_tool/airflow_venv/lib/python3.8/site-packages/airflow/example_dags/example_task_group.py                                                1           0  0.10s           2024-06-28T18:14:05
/home/jacksonlmakl/data_flow_tool/airflow_venv/lib/python3.8/site-packages/airflow/example_dags/example_task_group_decorator.py                                      1           0  0.11s           2024-06-28T18:14:06
/home/jacksonlmakl/data_flow_tool/airflow_venv/lib/python3.8/site-packages/airflow/example_dags/example_time_delta_sensor_async.py                                   1           0  0.10s           2024-06-28T18:14:07
/home/jacksonlmakl/data_flow_tool/airflow_venv/lib/python3.8/site-packages/airflow/example_dags/example_short_circuit_decorator.py                                   1           0  0.11s           2024-06-28T18:14:08
/home/jacksonlmakl/data_flow_tool/airflow_venv/lib/python3.8/site-packages/airflow/example_dags/tutorial.py                                                          1           0  0.10s           2024-06-28T18:14:09
/home/jacksonlmakl/data_flow_tool/airflow_venv/lib/python3.8/site-packages/airflow/example_dags/example_nested_branch_dag.py                                         1           0  0.20s           2024-06-28T18:14:11
/home/jacksonlmakl/data_flow_tool/airflow_venv/lib/python3.8/site-packages/airflow/example_dags/example_xcom.py                                                      1           0  0.10s           2024-06-28T18:13:32
/home/jacksonlmakl/data_flow_tool/airflow_venv/lib/python3.8/site-packages/airflow/example_dags/example_branch_operator_decorator.py                                 1           0  0.11s           2024-06-28T18:13:47
/home/jacksonlmakl/data_flow_tool/airflow_venv/lib/python3.8/site-packages/airflow/example_dags/example_bash_operator.py                                             1           0  0.11s           2024-06-28T18:13:47
/home/jacksonlmakl/data_flow_tool/airflow_venv/lib/python3.8/site-packages/airflow/example_dags/example_latest_only.py                                               1           0  0.10s           2024-06-28T18:13:33
/home/jacksonlmakl/data_flow_tool/airflow_venv/lib/python3.8/site-packages/airflow/example_dags/example_branch_python_dop_operator_3.py                              1           0  0.11s           2024-06-28T18:13:50
/home/jacksonlmakl/data_flow_tool/airflow_venv/lib/python3.8/site-packages/airflow/example_dags/example_python_operator.py                                           1           0  0.11s           2024-06-28T18:13:33
/home/jacksonlmakl/data_flow_tool/airflow_venv/lib/python3.8/site-packages/airflow/example_dags/example_sensor_decorator.py                                          1           0  0.10s           2024-06-28T18:13:34
/home/jacksonlmakl/data_flow_tool/airflow_venv/lib/python3.8/site-packages/airflow/example_dags/example_branch_operator.py                                           1           0  0.10s           2024-06-28T18:13:59
/home/jacksonlmakl/data_flow_tool/airflow_venv/lib/python3.8/site-packages/airflow/example_dags/example_skip_dag.py                                                  1           0  0.10s           2024-06-28T18:13:36
/home/jacksonlmakl/data_flow_tool/airflow_venv/lib/python3.8/site-packages/airflow/example_dags/example_trigger_target_dag.py                                        1           0  0.10s           2024-06-28T18:13:37
/home/jacksonlmakl/data_flow_tool/airflow_venv/lib/python3.8/site-packages/airflow/example_dags/example_dynamic_task_mapping.py                                      1           0  0.10s           2024-06-28T18:14:00
/home/jacksonlmakl/data_flow_tool/airflow_venv/lib/python3.8/site-packages/airflow/example_dags/example_trigger_controller_dag.py                                    1           0  0.10s           2024-06-28T18:13:38
/home/jacksonlmakl/data_flow_tool/airflow_venv/lib/python3.8/site-packages/airflow/example_dags/example_passing_params_via_test_command.py                           1           0  0.21s           2024-06-28T18:13:38
/home/jacksonlmakl/data_flow_tool/airflow_venv/lib/python3.8/site-packages/airflow/example_dags/tutorial_taskflow_api.py                                             1           0  0.10s           2024-06-28T18:13:40
/home/jacksonlmakl/data_flow_tool/airflow_venv/lib/python3.8/site-packages/airflow/example_dags/example_sla_dag.py                                                   1           0  0.11s           2024-06-28T18:13:41
/home/jacksonlmakl/data_flow_tool/airflow_venv/lib/python3.8/site-packages/airflow/example_dags/example_branch_labels.py                                             1           0  0.10s           2024-06-28T18:14:01
/home/jacksonlmakl/data_flow_tool/airflow_venv/lib/python3.8/site-packages/airflow/example_dags/example_external_task_marker_dag.py                                  2           0  0.10s           2024-06-28T18:13:43
/home/jacksonlmakl/data_flow_tool/airflow_venv/lib/python3.8/site-packages/airflow/example_dags/example_xcomargs.py                                                  2           0  0.11s           2024-06-28T18:13:57
/home/jacksonlmakl/data_flow_tool/airflow_venv/lib/python3.8/site-packages/airflow/example_dags/example_subdag_operator.py                                           3           0  0.11s           2024-06-28T18:14:02
/home/jacksonlmakl/data_flow_tool/airflow_venv/lib/python3.8/site-packages/airflow/example_dags/example_branch_datetime_operator.py                                  3           0  0.21s           2024-06-28T18:13:46
/home/jacksonlmakl/data_flow_tool/airflow_venv/lib/python3.8/site-packages/airflow/example_dags/example_datasets.py                                                  6           0  0.20s           2024-06-28T18:13:49
================================================================================
